TN:
SF:app/layout.tsx
FN:67,RootLayout
FNF:1
FNH:0
FNDA:0,RootLayout
DA:1,0
DA:2,0
DA:5,0
DA:6,0
DA:7,0
DA:8,0
DA:9,0
DA:10,0
DA:11,0
DA:12,0
DA:13,0
DA:14,0
DA:16,0
DA:67,0
LF:14
LH:0
BRDA:27,0,0,0
BRDA:27,0,1,0
BRDA:42,1,0,0
BRDA:42,1,1,0
BRDA:108,2,0,0
BRDA:108,2,1,0
BRF:6
BRH:0
end_of_record
TN:
SF:app/page.tsx
FN:28,Home
FN:30,(anonymous_3)
FN:35,(anonymous_4)
FN:36,(anonymous_5)
FN:37,(anonymous_6)
FN:40,(anonymous_7)
FN:84,(anonymous_8)
FN:196,(anonymous_9)
FN:226,(anonymous_10)
FN:294,(anonymous_11)
FN:331,(anonymous_12)
FN:369,(anonymous_13)
FN:426,(anonymous_14)
FN:522,(anonymous_15)
FN:546,(anonymous_16)
FNF:15
FNH:0
FNDA:0,Home
FNDA:0,(anonymous_3)
FNDA:0,(anonymous_4)
FNDA:0,(anonymous_5)
FNDA:0,(anonymous_6)
FNDA:0,(anonymous_7)
FNDA:0,(anonymous_8)
FNDA:0,(anonymous_9)
FNDA:0,(anonymous_10)
FNDA:0,(anonymous_11)
FNDA:0,(anonymous_12)
FNDA:0,(anonymous_13)
FNDA:0,(anonymous_14)
FNDA:0,(anonymous_15)
FNDA:0,(anonymous_16)
DA:4,0
DA:5,0
DA:6,0
DA:7,0
DA:8,0
DA:9,0
DA:10,0
DA:11,0
DA:12,0
DA:13,0
DA:15,0
DA:21,0
DA:28,0
DA:29,0
DA:30,0
DA:31,0
DA:32,0
DA:33,0
DA:35,0
DA:36,0
DA:37,0
DA:40,0
DA:43,0
DA:85,0
DA:197,0
DA:228,0
DA:229,0
DA:295,0
DA:332,0
DA:333,0
DA:370,0
DA:427,0
DA:523,0
DA:547,0
LF:34
LH:0
BRDA:47,0,0,0
BRDA:47,0,1,0
BRDA:55,1,0,0
BRDA:55,1,1,0
BRDA:63,2,0,0
BRDA:63,2,1,0
BRDA:71,3,0,0
BRDA:71,3,1,0
BRDA:79,4,0,0
BRDA:79,4,1,0
BRDA:88,5,0,0
BRDA:88,5,1,0
BRDA:109,6,0,0
BRDA:109,6,1,0
BRDA:115,7,0,0
BRDA:115,7,1,0
BRDA:123,8,0,0
BRDA:123,8,1,0
BRDA:130,9,0,0
BRDA:130,9,1,0
BRDA:136,10,0,0
BRDA:136,10,1,0
BRDA:146,11,0,0
BRDA:146,11,1,0
BRDA:169,12,0,0
BRDA:169,12,1,0
BRDA:179,13,0,0
BRDA:179,13,1,0
BRDA:180,14,0,0
BRDA:180,14,1,0
BRDA:185,15,0,0
BRDA:185,15,1,0
BRDA:186,16,0,0
BRDA:186,16,1,0
BRDA:191,17,0,0
BRDA:191,17,1,0
BRDA:192,18,0,0
BRDA:192,18,1,0
BRDA:228,19,0,0
BRDA:228,19,1,0
BRDA:257,20,0,0
BRDA:257,20,1,0
BRDA:267,21,0,0
BRDA:267,21,1,0
BRDA:268,22,0,0
BRDA:268,22,1,0
BRDA:271,23,0,0
BRDA:271,23,1,0
BRDA:274,24,0,0
BRDA:274,24,1,0
BRDA:275,25,0,0
BRDA:275,25,1,0
BRDA:278,26,0,0
BRDA:278,26,1,0
BRDA:281,27,0,0
BRDA:281,27,1,0
BRDA:282,28,0,0
BRDA:282,28,1,0
BRDA:285,29,0,0
BRDA:285,29,1,0
BRDA:288,30,0,0
BRDA:288,30,1,0
BRDA:289,31,0,0
BRDA:289,31,1,0
BRDA:292,32,0,0
BRDA:292,32,1,0
BRDA:332,33,0,0
BRDA:332,33,1,0
BRDA:358,34,0,0
BRDA:358,34,1,0
BRDA:361,35,0,0
BRDA:361,35,1,0
BRDA:415,36,0,0
BRDA:415,36,1,0
BRDA:420,37,0,0
BRDA:420,37,1,0
BRDA:448,38,0,0
BRDA:448,38,1,0
BRDA:456,39,0,0
BRDA:456,39,1,0
BRDA:462,40,0,0
BRDA:462,40,1,0
BRDA:496,41,0,0
BRDA:496,41,1,0
BRDA:497,42,0,0
BRDA:497,42,1,0
BRDA:498,43,0,0
BRDA:498,43,1,0
BRDA:505,44,0,0
BRDA:505,44,1,0
BRDA:506,45,0,0
BRDA:506,45,1,0
BRDA:507,46,0,0
BRDA:507,46,1,0
BRDA:514,47,0,0
BRDA:514,47,1,0
BRDA:515,48,0,0
BRDA:515,48,1,0
BRDA:516,49,0,0
BRDA:516,49,1,0
BRDA:584,50,0,0
BRDA:584,50,1,0
BRDA:590,51,0,0
BRDA:590,51,1,0
BRDA:598,52,0,0
BRDA:598,52,1,0
BRDA:599,53,0,0
BRDA:599,53,1,0
BRDA:604,54,0,0
BRDA:604,54,1,0
BRDA:605,55,0,0
BRDA:605,55,1,0
BRF:112
BRH:0
end_of_record
TN:
SF:app/robots.ts
FN:4,robots
FNF:1
FNH:0
FNDA:0,robots
DA:4,0
DA:5,0
LF:2
LH:0
BRF:0
BRH:0
end_of_record
TN:
SF:app/sitemap.ts
FN:4,sitemap
FNF:1
FNH:0
FNDA:0,sitemap
DA:4,0
DA:5,0
DA:6,0
DA:8,0
LF:4
LH:0
BRF:0
BRH:0
end_of_record
TN:
SF:app/about/page.tsx
FN:18,AboutPage
FN:20,(anonymous_3)
FN:200,(anonymous_4)
FN:250,(anonymous_5)
FNF:4
FNH:0
FNDA:0,AboutPage
FNDA:0,(anonymous_3)
FNDA:0,(anonymous_4)
FNDA:0,(anonymous_5)
DA:5,0
DA:6,0
DA:7,0
DA:8,0
DA:9,0
DA:10,0
DA:11,0
DA:13,0
DA:18,0
DA:19,0
DA:20,0
DA:22,0
DA:49,0
DA:201,0
DA:251,0
LF:15
LH:0
BRDA:74,0,0,0
BRDA:74,0,1,0
BRDA:100,1,0,0
BRDA:100,1,1,0
BRDA:122,2,0,0
BRDA:122,2,1,0
BRDA:126,3,0,0
BRDA:126,3,1,0
BRDA:132,4,0,0
BRDA:132,4,1,0
BRDA:138,5,0,0
BRDA:138,5,1,0
BRDA:147,6,0,0
BRDA:147,6,1,0
BRDA:170,7,0,0
BRDA:170,7,1,0
BRDA:189,8,0,0
BRDA:189,8,1,0
BRDA:192,9,0,0
BRDA:192,9,1,0
BRDA:218,10,0,0
BRDA:218,10,1,0
BRDA:239,11,0,0
BRDA:239,11,1,0
BRDA:242,12,0,0
BRDA:242,12,1,0
BRDA:265,13,0,0
BRDA:265,13,1,0
BRDA:268,14,0,0
BRDA:268,14,1,0
BRDA:288,15,0,0
BRDA:288,15,1,0
BRDA:294,16,0,0
BRDA:294,16,1,0
BRDA:302,17,0,0
BRDA:302,17,1,0
BRF:36
BRH:0
end_of_record
TN:
SF:app/admin/page.tsx
FN:6,AdminPage
FNF:1
FNH:0
FNDA:0,AdminPage
DA:1,0
DA:2,0
DA:4,0
DA:6,0
DA:7,0
LF:5
LH:0
BRF:0
BRH:0
end_of_record
TN:
SF:app/api/admin/homepage-layouts/route.ts
FN:68,GET
FN:84,POST
FN:89,(anonymous_7)
FNF:3
FNH:0
FNDA:0,GET
FNDA:0,POST
FNDA:0,(anonymous_7)
DA:1,0
DA:2,0
DA:5,0
DA:9,0
DA:68,0
DA:69,0
DA:70,0
DA:75,0
DA:76,0
DA:84,0
DA:85,0
DA:86,0
DA:89,0
DA:91,0
DA:92,0
DA:97,0
DA:105,0
DA:111,0
DA:112,0
LF:19
LH:0
BRDA:91,0,0,0
BRDA:91,0,1,0
BRF:2
BRH:0
end_of_record
TN:
SF:app/api/admin/scheduled-content/route.ts
FN:10,GET
FN:28,(anonymous_8)
FN:63,POST
FN:120,PATCH
FN:165,DELETE
FNF:5
FNH:0
FNDA:0,GET
FNDA:0,(anonymous_8)
FNDA:0,POST
FNDA:0,PATCH
FNDA:0,DELETE
DA:1,0
DA:2,0
DA:5,0
DA:6,0
DA:10,0
DA:11,0
DA:12,0
DA:13,0
DA:14,0
DA:15,0
DA:17,0
DA:18,0
DA:19,0
DA:21,0
DA:28,0
DA:44,0
DA:50,0
DA:51,0
DA:63,0
DA:64,0
DA:75,0
DA:77,0
DA:78,0
DA:84,0
DA:99,0
DA:111,0
DA:112,0
DA:120,0
DA:121,0
DA:122,0
DA:124,0
DA:125,0
DA:131,0
DA:136,0
DA:137,0
DA:140,0
DA:145,0
DA:156,0
DA:157,0
DA:165,0
DA:166,0
DA:167,0
DA:168,0
DA:170,0
DA:171,0
DA:177,0
DA:181,0
DA:187,0
DA:188,0
LF:49
LH:0
BRDA:15,0,0,0
BRDA:15,0,1,0
BRDA:18,1,0,0
BRDA:18,1,1,0
BRDA:18,2,0,0
BRDA:18,2,1,0
BRDA:19,3,0,0
BRDA:19,3,1,0
BRDA:19,4,0,0
BRDA:19,4,1,0
BRDA:77,5,0,0
BRDA:77,5,1,0
BRDA:77,6,0,0
BRDA:77,6,1,0
BRDA:77,6,2,0
BRDA:77,6,3,0
BRDA:89,7,0,0
BRDA:89,7,1,0
BRDA:91,8,0,0
BRDA:91,8,1,0
BRDA:92,9,0,0
BRDA:92,9,1,0
BRDA:124,10,0,0
BRDA:124,10,1,0
BRDA:124,11,0,0
BRDA:124,11,1,0
BRDA:136,12,0,0
BRDA:136,12,1,0
BRDA:137,13,0,0
BRDA:137,13,1,0
BRDA:170,14,0,0
BRDA:170,14,1,0
BRF:32
BRH:0
end_of_record
TN:
SF:app/api/admin/settings/route.ts
FN:10,GET
FN:27,(anonymous_7)
FN:57,POST
FN:109,DELETE
FNF:4
FNH:0
FNDA:0,GET
FNDA:0,(anonymous_7)
FNDA:0,POST
FNDA:0,DELETE
DA:1,0
DA:2,0
DA:5,0
DA:6,0
DA:10,0
DA:11,0
DA:12,0
DA:27,0
DA:38,0
DA:44,0
DA:45,0
DA:57,0
DA:58,0
DA:59,0
DA:61,0
DA:62,0
DA:69,0
DA:72,0
DA:87,0
DA:100,0
DA:101,0
DA:109,0
DA:110,0
DA:111,0
DA:112,0
DA:114,0
DA:115,0
DA:121,0
DA:125,0
DA:131,0
DA:132,0
LF:31
LH:0
BRDA:59,0,0,0
BRDA:61,1,0,0
BRDA:61,1,1,0
BRDA:61,2,0,0
BRDA:61,2,1,0
BRDA:114,3,0,0
BRDA:114,3,1,0
BRF:7
BRH:0
end_of_record
TN:
SF:app/api/admin/test-integration/route.ts
FN:16,POST
FN:94,testAbacusAI
FN:132,testOpenAI
FN:159,testGoogleAnalytics
FN:174,testGoogleSearchConsole
FN:199,testInstagram
FN:224,testTikTok
FN:252,testSMTP
FN:264,(anonymous_12)
FN:290,testDatabase
FNF:10
FNH:0
FNDA:0,POST
FNDA:0,testAbacusAI
FNDA:0,testOpenAI
FNDA:0,testGoogleAnalytics
FNDA:0,testGoogleSearchConsole
FNDA:0,testInstagram
FNDA:0,testTikTok
FNDA:0,testSMTP
FNDA:0,(anonymous_12)
FNDA:0,testDatabase
DA:1,0
DA:2,0
DA:5,0
DA:6,0
DA:16,0
DA:17,0
DA:18,0
DA:20,0
DA:21,0
DA:28,0
DA:32,0
DA:33,0
DA:42,0
DA:44,0
DA:45,0
DA:47,0
DA:48,0
DA:50,0
DA:51,0
DA:53,0
DA:54,0
DA:56,0
DA:57,0
DA:59,0
DA:60,0
DA:62,0
DA:63,0
DA:65,0
DA:66,0
DA:68,0
DA:75,0
DA:83,0
DA:86,0
DA:87,0
DA:95,0
DA:96,0
DA:111,0
DA:112,0
DA:113,0
DA:119,0
DA:125,0
DA:133,0
DA:134,0
DA:140,0
DA:141,0
DA:146,0
DA:152,0
DA:161,0
DA:162,0
DA:167,0
DA:175,0
DA:177,0
DA:179,0
DA:180,0
DA:186,0
DA:192,0
DA:200,0
DA:201,0
DA:203,0
DA:204,0
DA:205,0
DA:211,0
DA:217,0
DA:225,0
DA:227,0
DA:233,0
DA:234,0
DA:239,0
DA:245,0
DA:253,0
DA:255,0
DA:263,0
DA:264,0
DA:265,0
DA:268,0
DA:269,0
DA:276,0
DA:283,0
DA:291,0
DA:293,0
DA:295,0
DA:300,0
LF:82
LH:0
BRDA:20,0,0,0
BRDA:20,0,1,0
BRDA:32,1,0,0
BRDA:32,1,1,0
BRDA:32,2,0,0
BRDA:32,2,1,0
BRDA:42,3,0,0
BRDA:42,3,1,0
BRDA:42,3,2,0
BRDA:42,3,3,0
BRDA:42,3,4,0
BRDA:42,3,5,0
BRDA:42,3,6,0
BRDA:42,3,7,0
BRDA:42,3,8,0
BRDA:78,4,0,0
BRDA:78,4,1,0
BRDA:89,5,0,0
BRDA:89,5,1,0
BRDA:111,6,0,0
BRDA:111,6,1,0
BRDA:127,7,0,0
BRDA:127,7,1,0
BRDA:140,8,0,0
BRDA:140,8,1,0
BRDA:154,9,0,0
BRDA:154,9,1,0
BRDA:161,10,0,0
BRDA:161,10,1,0
BRDA:161,11,0,0
BRDA:161,11,1,0
BRDA:179,12,0,0
BRDA:179,12,1,0
BRDA:179,13,0,0
BRDA:179,13,1,0
BRDA:179,13,2,0
BRDA:203,14,0,0
BRDA:203,14,1,0
BRDA:219,15,0,0
BRDA:219,15,1,0
BRDA:233,16,0,0
BRDA:233,16,1,0
BRDA:247,17,0,0
BRDA:247,17,1,0
BRDA:268,18,0,0
BRDA:268,18,1,0
BRDA:268,19,0,0
BRDA:268,19,1,0
BRDA:268,19,2,0
BRDA:279,20,0,0
BRDA:279,20,1,0
BRDA:285,21,0,0
BRDA:285,21,1,0
BRDA:302,22,0,0
BRDA:302,22,1,0
BRF:55
BRH:0
end_of_record
TN:
SF:app/api/admin/update-brand-config/route.ts
FN:11,POST
FN:54,generateDeploymentScript
FNF:2
FNH:0
FNDA:0,POST
FNDA:0,generateDeploymentScript
DA:1,0
DA:2,0
DA:5,0
DA:6,0
DA:7,0
DA:11,0
DA:12,0
DA:13,0
DA:16,0
DA:17,0
DA:27,0
DA:29,0
DA:30,0
DA:32,0
DA:36,0
DA:38,0
DA:46,0
DA:47,0
DA:55,0
LF:19
LH:0
BRDA:16,0,0,0
BRDA:16,0,1,0
BRDA:16,1,0,0
BRDA:16,1,1,0
BRDA:16,1,2,0
BRF:5
BRH:0
end_of_record
TN:
SF:app/api/analytics/config/route.ts
FN:9,(anonymous_5)
FN:52,(anonymous_6)
FNF:2
FNH:0
FNDA:0,(anonymous_5)
FNDA:0,(anonymous_6)
DA:1,0
DA:2,0
DA:4,0
DA:5,0
DA:6,0
DA:9,0
DA:10,0
DA:11,0
DA:13,0
DA:21,0
DA:32,0
DA:34,0
DA:44,0
DA:52,0
DA:53,0
DA:61,0
DA:64,0
DA:65,0
DA:71,0
DA:72,0
DA:81,0
DA:90,0
DA:102,0
DA:109,0
DA:111,0
DA:121,0
LF:26
LH:0
BRDA:17,0,0,0
BRDA:17,0,1,0
BRDA:17,0,2,0
BRDA:18,1,0,0
BRDA:18,1,1,0
BRDA:28,2,0,0
BRDA:28,2,1,0
BRDA:39,3,0,0
BRDA:39,3,1,0
BRDA:40,4,0,0
BRDA:40,4,1,0
BRDA:40,4,2,0
BRDA:41,5,0,0
BRDA:41,5,1,0
BRDA:64,6,0,0
BRDA:64,6,1,0
BRDA:64,7,0,0
BRDA:64,7,1,0
BRDA:71,8,0,0
BRDA:71,8,1,0
BRDA:71,9,0,0
BRDA:71,9,1,0
BRDA:82,10,0,0
BRDA:82,10,1,0
BRDA:83,11,0,0
BRDA:83,11,1,0
BRDA:84,12,0,0
BRDA:84,12,1,0
BRDA:85,13,0,0
BRDA:85,13,1,0
BRDA:98,14,0,0
BRDA:98,14,1,0
BRDA:98,14,2,0
BRDA:99,15,0,0
BRDA:99,15,1,0
BRDA:116,16,0,0
BRDA:116,16,1,0
BRDA:117,17,0,0
BRDA:117,17,1,0
BRDA:117,17,2,0
BRDA:118,18,0,0
BRDA:118,18,1,0
BRF:42
BRH:0
end_of_record
TN:
SF:app/api/analytics/track-event/route.ts
FN:7,POST
FNF:1
FNH:0
FNDA:0,POST
DA:1,0
DA:2,0
DA:4,0
DA:5,0
DA:7,0
DA:8,0
DA:17,0
DA:19,0
DA:20,0
DA:27,0
DA:37,0
DA:43,0
DA:45,0
LF:13
LH:0
BRDA:11,0,0,0
BRDA:19,1,0,0
BRDA:19,1,1,0
BRF:3
BRH:0
end_of_record
TN:
SF:app/api/audits/route.ts
FN:12,(anonymous_4)
FN:70,(anonymous_5)
FN:110,generateAuditReport
FN:179,triggerAuditScan
FN:207,getComplianceStatus
FN:218,getSystemMetrics
FN:227,getApiUsagePatterns
FN:241,getFeatureFlagAuditLog
FN:253,getDatabasePerformanceMetrics
FN:262,getApiResponseTimes
FN:270,checkDataRetentionCompliance
FN:278,checkPrivacyCompliance
FN:286,checkContentGuidelines
FN:294,performSecurityScan
FN:302,performContentScan
FN:310,performPerformanceScan
FNF:16
FNH:0
FNDA:0,(anonymous_4)
FNDA:0,(anonymous_5)
FNDA:0,generateAuditReport
FNDA:0,triggerAuditScan
FNDA:0,getComplianceStatus
FNDA:0,getSystemMetrics
FNDA:0,getApiUsagePatterns
FNDA:0,getFeatureFlagAuditLog
FNDA:0,getDatabasePerformanceMetrics
FNDA:0,getApiResponseTimes
FNDA:0,checkDataRetentionCompliance
FNDA:0,checkPrivacyCompliance
FNDA:0,checkContentGuidelines
FNDA:0,performSecurityScan
FNDA:0,performContentScan
FNDA:0,performPerformanceScan
DA:1,0
DA:3,0
DA:4,0
DA:5,0
DA:6,0
DA:12,0
DA:13,0
DA:15,0
DA:16,0
DA:22,0
DA:23,0
DA:24,0
DA:25,0
DA:26,0
DA:27,0
DA:30,0
DA:37,0
DA:55,0
DA:56,0
DA:70,0
DA:71,0
DA:72,0
DA:73,0
DA:79,0
DA:81,0
DA:82,0
DA:89,0
DA:91,0
DA:99,0
DA:100,0
DA:116,0
DA:119,0
DA:124,0
DA:126,0
DA:128,0
DA:148,0
DA:150,0
DA:158,0
DA:160,0
DA:167,0
DA:169,0
DA:176,0
DA:181,0
DA:190,0
DA:192,0
DA:193,0
DA:195,0
DA:196,0
DA:198,0
DA:199,0
DA:201,0
DA:204,0
DA:208,0
DA:219,0
DA:229,0
DA:243,0
DA:254,0
DA:263,0
DA:271,0
DA:279,0
DA:287,0
DA:295,0
DA:303,0
DA:311,0
LF:64
LH:0
BRDA:15,0,0,0
BRDA:15,0,1,0
BRDA:23,1,0,0
BRDA:23,1,1,0
BRDA:24,2,0,0
BRDA:24,2,1,0
BRDA:25,3,0,0
BRDA:25,3,1,0
BRDA:33,4,0,0
BRDA:33,4,1,0
BRDA:34,5,0,0
BRDA:34,5,1,0
BRDA:59,6,0,0
BRDA:59,6,1,0
BRDA:72,7,0,0
BRDA:72,7,1,0
BRDA:81,8,0,0
BRDA:81,8,1,0
BRDA:103,9,0,0
BRDA:103,9,1,0
BRDA:120,10,0,0
BRDA:120,10,1,0
BRDA:121,11,0,0
BRDA:121,11,1,0
BRDA:126,12,0,0
BRDA:126,12,1,0
BRDA:126,13,0,0
BRDA:126,13,1,0
BRDA:130,14,0,0
BRDA:130,14,1,0
BRDA:130,15,0,0
BRDA:130,15,1,0
BRDA:148,16,0,0
BRDA:148,16,1,0
BRDA:148,17,0,0
BRDA:148,17,1,0
BRDA:158,18,0,0
BRDA:158,18,1,0
BRDA:158,19,0,0
BRDA:158,19,1,0
BRDA:167,20,0,0
BRDA:167,20,1,0
BRDA:167,21,0,0
BRDA:167,21,1,0
BRDA:190,22,0,0
BRDA:190,22,1,0
BRDA:190,22,2,0
BRDA:190,22,3,0
BRF:48
BRH:0
end_of_record
TN:
SF:app/api/auth/[...nextauth]/route.ts
FNF:0
FNH:0
DA:1,0
DA:2,0
DA:6,0
DA:7,0
DA:9,0
DA:11,0
LF:6
LH:0
BRF:0
BRH:0
end_of_record
TN:
SF:app/api/booking/confirm-payment/route.ts
FN:11,POST
FN:62,(anonymous_8)
FNF:2
FNH:0
FNDA:0,POST
FNDA:0,(anonymous_8)
DA:1,0
DA:2,0
DA:6,0
DA:7,0
DA:8,0
DA:11,0
DA:12,0
DA:13,0
DA:15,0
DA:16,0
DA:23,0
DA:25,0
DA:26,0
DA:33,0
DA:34,0
DA:35,0
DA:36,0
DA:37,0
DA:40,0
DA:41,0
DA:42,0
DA:62,0
DA:63,0
DA:64,0
DA:68,0
DA:70,0
DA:77,0
DA:78,0
DA:80,0
LF:29
LH:0
BRDA:15,0,0,0
BRDA:15,0,1,0
BRDA:15,1,0,0
BRDA:15,1,1,0
BRDA:25,2,0,0
BRDA:25,2,1,0
BRDA:25,3,0,0
BRDA:25,3,1,0
BRDA:40,4,0,0
BRDA:40,4,1,0
BRF:10
BRH:0
end_of_record
TN:
SF:app/api/booking/create-payment-intent/route.ts
FN:10,POST
FNF:1
FNH:0
FNDA:0,POST
DA:1,0
DA:2,0
DA:6,0
DA:7,0
DA:8,0
DA:10,0
DA:11,0
DA:20,0
DA:22,0
DA:23,0
DA:29,0
DA:32,0
DA:44,0
DA:45,0
DA:52,0
DA:64,0
DA:71,0
DA:72,0
DA:74,0
LF:19
LH:0
BRDA:19,0,0,0
BRDA:22,1,0,0
BRDA:22,1,1,0
BRDA:22,2,0,0
BRDA:22,2,1,0
BRDA:22,2,2,0
BRDA:22,2,3,0
BRDA:22,2,4,0
BRDA:44,3,0,0
BRDA:44,3,1,0
BRF:10
BRH:0
end_of_record
TN:
SF:app/api/content/auto-generate/route.ts
FN:9,POST
FN:18,(anonymous_9)
FN:48,generateContentDirect
FN:193,generateSlug
FN:203,GET
FN:214,(anonymous_13)
FN:223,(anonymous_14)
FNF:7
FNH:0
FNDA:0,POST
FNDA:0,(anonymous_9)
FNDA:0,generateContentDirect
FNDA:0,generateSlug
FNDA:0,GET
FNDA:0,(anonymous_13)
FNDA:0,(anonymous_14)
DA:1,0
DA:2,0
DA:5,0
DA:9,0
DA:10,0
DA:11,0
DA:14,0
DA:17,0
DA:18,0
DA:19,0
DA:29,0
DA:32,0
DA:39,0
DA:40,0
DA:49,0
DA:51,0
DA:52,0
DA:55,0
DA:56,0
DA:59,0
DA:61,0
DA:87,0
DA:88,0
DA:91,0
DA:106,0
DA:107,0
DA:110,0
DA:125,0
DA:126,0
DA:129,0
DA:133,0
DA:156,0
DA:157,0
DA:160,0
DA:161,0
DA:163,0
DA:164,0
DA:169,0
DA:170,0
DA:173,0
DA:184,0
DA:185,0
DA:186,0
DA:187,0
DA:188,0
DA:190,0
DA:194,0
DA:203,0
DA:204,0
DA:205,0
DA:206,0
DA:207,0
DA:209,0
DA:210,0
DA:211,0
DA:213,0
DA:214,0
DA:215,0
DA:221,0
DA:223,0
DA:233,0
DA:241,0
DA:242,0
LF:63
LH:0
BRDA:24,0,0,0
BRDA:24,0,1,0
BRDA:41,1,0,0
BRDA:41,1,1,0
BRDA:51,2,0,0
BRDA:51,2,1,0
BRDA:59,3,0,0
BRDA:59,3,1,0
BRDA:59,3,2,0
BRDA:59,3,3,0
BRDA:61,4,0,0
BRDA:61,4,1,0
BRDA:87,5,0,0
BRDA:87,5,1,0
BRDA:87,6,0,0
BRDA:87,6,1,0
BRDA:91,7,0,0
BRDA:91,7,1,0
BRDA:106,8,0,0
BRDA:106,8,1,0
BRDA:110,9,0,0
BRDA:110,9,1,0
BRDA:125,10,0,0
BRDA:125,10,1,0
BRDA:156,11,0,0
BRDA:156,11,1,0
BRDA:163,12,0,0
BRDA:163,12,1,0
BRDA:210,13,0,0
BRDA:210,13,1,0
BRDA:211,14,0,0
BRDA:211,14,1,0
BRF:32
BRH:0
end_of_record
TN:
SF:app/api/content/schedule/route.ts
FN:11,POST
FN:66,PUT
FNF:2
FNH:0
FNDA:0,POST
FNDA:0,PUT
DA:1,0
DA:2,0
DA:5,0
DA:6,0
DA:7,0
DA:11,0
DA:12,0
DA:13,0
DA:18,0
DA:20,0
DA:27,0
DA:30,0
DA:34,0
DA:35,0
DA:38,0
DA:49,0
DA:57,0
DA:58,0
DA:66,0
DA:67,0
DA:69,0
DA:76,0
DA:78,0
DA:79,0
DA:80,0
DA:83,0
DA:84,0
DA:101,0
DA:105,0
DA:111,0
DA:115,0
DA:121,0
DA:122,0
LF:33
LH:0
BRDA:18,0,0,0
BRDA:18,0,1,0
BRDA:22,1,0,0
BRDA:22,1,1,0
BRDA:23,2,0,0
BRDA:23,2,1,0
BRDA:35,3,0,0
BRDA:35,3,1,0
BRDA:43,4,0,0
BRDA:43,4,1,0
BRDA:51,5,0,0
BRDA:51,5,1,0
BRDA:83,6,0,0
BRDA:83,6,1,0
BRDA:94,7,0,0
BRDA:94,7,1,0
BRF:16
BRH:0
end_of_record
TN:
SF:app/api/cron/auto-generate/route.ts
FN:10,POST
FN:48,GET
FNF:2
FNH:0
FNDA:0,POST
FNDA:0,GET
DA:1,0
DA:2,0
DA:5,0
DA:6,0
DA:10,0
DA:11,0
DA:12,0
DA:15,0
DA:16,0
DA:18,0
DA:19,0
DA:20,0
DA:27,0
DA:29,0
DA:36,0
DA:37,0
DA:48,0
DA:49,0
LF:18
LH:0
BRDA:16,0,0,0
BRDA:16,0,1,0
BRDA:18,1,0,0
BRDA:18,1,1,0
BRDA:40,2,0,0
BRDA:40,2,1,0
BRF:6
BRH:0
end_of_record
TN:
SF:app/api/cron/daily-publish/route.ts
FN:11,POST
FN:129,(anonymous_6)
FN:130,(anonymous_7)
FN:147,createContentFromTopic
FN:190,generateSlug
FN:197,generateContentFromTopic
FN:209,(anonymous_11)
FN:219,(anonymous_12)
FN:226,GET
FNF:9
FNH:0
FNDA:0,POST
FNDA:0,(anonymous_6)
FNDA:0,(anonymous_7)
FNDA:0,createContentFromTopic
FNDA:0,generateSlug
FNDA:0,generateContentFromTopic
FNDA:0,(anonymous_11)
FNDA:0,(anonymous_12)
FNDA:0,GET
DA:1,0
DA:2,0
DA:4,0
DA:5,0
DA:11,0
DA:12,0
DA:13,0
DA:16,0
DA:17,0
DA:19,0
DA:20,0
DA:21,0
DA:28,0
DA:29,0
DA:31,0
DA:32,0
DA:33,0
DA:40,0
DA:41,0
DA:42,0
DA:44,0
DA:54,0
DA:55,0
DA:56,0
DA:64,0
DA:65,0
DA:68,0
DA:83,0
DA:84,0
DA:85,0
DA:93,0
DA:96,0
DA:97,0
DA:99,0
DA:102,0
DA:107,0
DA:114,0
DA:117,0
DA:118,0
DA:126,0
DA:129,0
DA:130,0
DA:136,0
DA:137,0
DA:149,0
DA:152,0
DA:153,0
DA:156,0
DA:187,0
DA:191,0
DA:199,0
DA:200,0
DA:202,0
DA:209,0
DA:219,0
DA:226,0
DA:227,0
DA:234,0
DA:243,0
LF:59
LH:0
BRDA:17,0,0,0
BRDA:17,0,1,0
BRDA:19,1,0,0
BRDA:19,1,1,0
BRDA:31,2,0,0
BRDA:31,2,1,0
BRDA:31,3,0,0
BRDA:31,3,1,0
BRDA:54,4,0,0
BRDA:54,4,1,0
BRDA:83,5,0,0
BRDA:83,5,1,0
BRDA:120,6,0,0
BRDA:120,6,1,0
BRDA:140,7,0,0
BRDA:140,7,1,0
BRDA:149,8,0,0
BRDA:149,8,1,0
BRDA:153,9,0,0
BRDA:153,9,1,0
BRDA:158,10,0,0
BRDA:158,10,1,0
BRDA:161,11,0,0
BRDA:161,11,1,0
BRDA:162,12,0,0
BRDA:162,12,1,0
BRDA:163,13,0,0
BRDA:163,13,1,0
BRDA:178,14,0,0
BRDA:178,14,1,0
BRDA:180,15,0,0
BRDA:180,15,1,0
BRDA:199,16,0,0
BRDA:199,16,1,0
BRDA:200,17,0,0
BRDA:200,17,1,0
BRDA:209,18,0,0
BRDA:209,18,1,0
BRDA:213,19,0,0
BRDA:213,19,1,0
BRDA:219,20,0,0
BRDA:219,20,1,0
BRF:42
BRH:0
end_of_record
TN:
SF:app/api/cron/weekly-topics/route.ts
FN:11,POST
FN:146,GET
FN:161,getNextSunday
FNF:3
FNH:0
FNDA:0,POST
FNDA:0,GET
FNDA:0,getNextSunday
DA:1,0
DA:2,0
DA:4,0
DA:5,0
DA:11,0
DA:12,0
DA:13,0
DA:16,0
DA:17,0
DA:19,0
DA:20,0
DA:21,0
DA:28,0
DA:29,0
DA:31,0
DA:32,0
DA:33,0
DA:40,0
DA:44,0
DA:46,0
DA:47,0
DA:50,0
DA:51,0
DA:54,0
DA:56,0
DA:57,0
DA:58,0
DA:59,0
DA:60,0
DA:61,0
DA:64,0
DA:65,0
DA:66,0
DA:75,0
DA:78,0
DA:91,0
DA:92,0
DA:95,0
DA:98,0
DA:111,0
DA:112,0
DA:113,0
DA:117,0
DA:118,0
DA:120,0
DA:134,0
DA:135,0
DA:146,0
DA:147,0
DA:151,0
DA:162,0
DA:163,0
DA:164,0
DA:165,0
DA:166,0
LF:55
LH:0
BRDA:17,0,0,0
BRDA:17,0,1,0
BRDA:19,1,0,0
BRDA:19,1,1,0
BRDA:31,2,0,0
BRDA:31,2,1,0
BRDA:31,3,0,0
BRDA:31,3,1,0
BRDA:56,4,0,0
BRDA:56,4,1,0
BRDA:59,5,0,0
BRDA:59,5,1,0
BRDA:64,6,0,0
BRDA:64,6,1,0
BRDA:78,7,0,0
BRDA:78,7,1,0
BRDA:91,8,0,0
BRDA:91,8,1,0
BRDA:98,9,0,0
BRDA:98,9,1,0
BRDA:112,10,0,0
BRDA:112,10,1,0
BRDA:117,11,0,0
BRDA:117,11,1,0
BRDA:117,12,0,0
BRDA:117,12,1,0
BRDA:125,13,0,0
BRDA:125,13,1,0
BRDA:126,14,0,0
BRDA:126,14,1,0
BRDA:138,15,0,0
BRDA:138,15,1,0
BRDA:165,16,0,0
BRDA:165,16,1,0
BRF:34
BRH:0
end_of_record
TN:
SF:app/api/database/backups/route.ts
FN:15,GET
FN:31,POST
FN:49,(anonymous_8)
FN:71,createDatabaseBackup
FN:132,getDatabaseTableCount
FN:146,getDatabaseRecordCount
FN:172,formatBytes
FNF:7
FNH:0
FNDA:0,GET
FNDA:0,POST
FNDA:0,(anonymous_8)
FNDA:0,createDatabaseBackup
FNDA:0,getDatabaseTableCount
FNDA:0,getDatabaseRecordCount
FNDA:0,formatBytes
DA:1,0
DA:2,0
DA:5,0
DA:6,0
DA:7,0
DA:8,0
DA:9,0
DA:10,0
DA:13,0
DA:15,0
DA:16,0
DA:17,0
DA:21,0
DA:23,0
DA:24,0
DA:31,0
DA:32,0
DA:33,0
DA:34,0
DA:37,0
DA:48,0
DA:50,0
DA:52,0
DA:61,0
DA:63,0
DA:64,0
DA:72,0
DA:73,0
DA:74,0
DA:75,0
DA:78,0
DA:79,0
DA:80,0
DA:84,0
DA:85,0
DA:86,0
DA:87,0
DA:88,0
DA:89,0
DA:92,0
DA:95,0
DA:98,0
DA:99,0
DA:100,0
DA:103,0
DA:104,0
DA:107,0
DA:108,0
DA:111,0
DA:123,0
DA:125,0
DA:127,0
DA:128,0
DA:133,0
DA:134,0
DA:139,0
DA:141,0
DA:142,0
DA:147,0
DA:149,0
DA:155,0
DA:156,0
DA:157,0
DA:158,0
DA:159,0
DA:161,0
DA:165,0
DA:167,0
DA:168,0
DA:173,0
DA:174,0
DA:175,0
DA:177,0
DA:178,0
DA:179,0
DA:182,0
LF:76
LH:0
BRDA:34,0,0,0
BRDA:79,1,0,0
BRDA:79,1,1,0
BRDA:87,2,0,0
BRDA:87,2,1,0
BRDA:177,3,0,0
BRDA:177,3,1,0
BRF:7
BRH:0
end_of_record
TN:
SF:app/api/database/backups/[id]/route.ts
FN:8,GET
FN:34,DELETE
FN:53,(anonymous_10)
FNF:3
FNH:0
FNDA:0,GET
FNDA:0,DELETE
FNDA:0,(anonymous_10)
DA:1,0
DA:2,0
DA:5,0
DA:6,0
DA:8,0
DA:12,0
DA:13,0
DA:17,0
DA:18,0
DA:24,0
DA:26,0
DA:27,0
DA:34,0
DA:38,0
DA:39,0
DA:43,0
DA:44,0
DA:51,0
DA:52,0
DA:53,0
DA:54,0
DA:56,0
DA:62,0
DA:66,0
DA:68,0
DA:69,0
LF:26
LH:0
BRDA:17,0,0,0
BRDA:17,0,1,0
BRDA:43,1,0,0
BRDA:43,1,1,0
BRDA:51,2,0,0
BRDA:51,2,1,0
BRF:6
BRH:0
end_of_record
TN:
SF:app/api/database/backups/[id]/download/route.ts
FN:9,GET
FNF:1
FNH:0
FNDA:0,GET
DA:1,0
DA:2,0
DA:5,0
DA:6,0
DA:7,0
DA:9,0
DA:13,0
DA:14,0
DA:18,0
DA:19,0
DA:25,0
DA:26,0
DA:33,0
DA:35,0
DA:37,0
DA:38,0
LF:16
LH:0
BRDA:18,0,0,0
BRDA:18,0,1,0
BRDA:25,1,0,0
BRDA:25,1,1,0
BRDA:25,2,0,0
BRDA:25,2,1,0
BRF:6
BRH:0
end_of_record
TN:
SF:app/api/database/backups/[id]/restore/route.ts
FN:15,POST
FN:40,(anonymous_6)
FN:57,restoreDatabase
FN:97,downloadBackupFile
FN:98,(anonymous_9)
FN:101,(anonymous_10)
FN:107,(anonymous_11)
FN:111,(anonymous_12)
FN:116,(anonymous_13)
FNF:9
FNH:0
FNDA:0,POST
FNDA:0,(anonymous_6)
FNDA:0,restoreDatabase
FNDA:0,downloadBackupFile
FNDA:0,(anonymous_9)
FNDA:0,(anonymous_10)
FNDA:0,(anonymous_11)
FNDA:0,(anonymous_12)
FNDA:0,(anonymous_13)
DA:1,0
DA:2,0
DA:5,0
DA:6,0
DA:7,0
DA:8,0
DA:9,0
DA:10,0
DA:11,0
DA:13,0
DA:15,0
DA:19,0
DA:20,0
DA:24,0
DA:25,0
DA:31,0
DA:32,0
DA:39,0
DA:41,0
DA:44,0
DA:49,0
DA:50,0
DA:58,0
DA:60,0
DA:63,0
DA:64,0
DA:66,0
DA:69,0
DA:70,0
DA:71,0
DA:74,0
DA:75,0
DA:76,0
DA:77,0
DA:78,0
DA:79,0
DA:82,0
DA:85,0
DA:88,0
DA:90,0
DA:92,0
DA:93,0
DA:98,0
DA:99,0
DA:101,0
DA:102,0
DA:103,0
DA:104,0
DA:107,0
DA:108,0
DA:109,0
DA:111,0
DA:112,0
DA:113,0
DA:116,0
DA:117,0
DA:118,0
LF:57
LH:0
BRDA:24,0,0,0
BRDA:24,0,1,0
BRDA:31,1,0,0
BRDA:31,1,1,0
BRDA:31,2,0,0
BRDA:31,2,1,0
BRDA:70,3,0,0
BRDA:70,3,1,0
BRDA:77,4,0,0
BRDA:77,4,1,0
BRDA:102,5,0,0
BRDA:102,5,1,0
BRF:12
BRH:0
end_of_record
TN:
SF:app/api/database/stats/route.ts
FN:8,GET
FNF:1
FNH:0
FNDA:0,GET
DA:1,0
DA:2,0
DA:5,0
DA:6,0
DA:8,0
DA:9,0
DA:11,0
DA:16,0
DA:19,0
DA:25,0
DA:26,0
DA:27,0
DA:28,0
DA:29,0
DA:31,0
DA:36,0
DA:39,0
DA:42,0
DA:48,0
DA:55,0
DA:56,0
LF:21
LH:0
BRDA:52,0,0,0
BRDA:52,0,1,0
BRF:2
BRH:0
end_of_record
TN:
SF:app/api/export/wordpress/route.ts
FN:12,(anonymous_4)
FN:72,(anonymous_5)
FN:107,(anonymous_6)
FN:180,generateWordPressWXR
FN:203,(anonymous_8)
FN:233,(anonymous_9)
FNF:6
FNH:0
FNDA:0,(anonymous_4)
FNDA:0,(anonymous_5)
FNDA:0,(anonymous_6)
FNDA:0,generateWordPressWXR
FNDA:0,(anonymous_8)
FNDA:0,(anonymous_9)
DA:1,0
DA:3,0
DA:4,0
DA:5,0
DA:6,0
DA:12,0
DA:13,0
DA:15,0
DA:16,0
DA:22,0
DA:23,0
DA:24,0
DA:25,0
DA:28,0
DA:51,0
DA:53,0
DA:55,0
DA:61,0
DA:63,0
DA:72,0
DA:85,0
DA:92,0
DA:93,0
DA:107,0
DA:108,0
DA:109,0
DA:110,0
DA:116,0
DA:118,0
DA:119,0
DA:126,0
DA:144,0
DA:146,0
DA:147,0
DA:149,0
DA:156,0
DA:169,0
DA:170,0
DA:181,0
DA:182,0
DA:184,0
DA:203,0
DA:204,0
DA:205,0
DA:207,0
DA:232,0
DA:233,0
DA:234,0
DA:239,0
DA:243,0
DA:247,0
LF:51
LH:0
BRDA:15,0,0,0
BRDA:15,0,1,0
BRDA:23,1,0,0
BRDA:23,1,1,0
BRDA:24,2,0,0
BRDA:24,2,1,0
BRDA:25,3,0,0
BRDA:25,3,1,0
BRDA:51,4,0,0
BRDA:51,4,1,0
BRDA:61,5,0,0
BRDA:61,5,1,0
BRDA:79,6,0,0
BRDA:79,6,1,0
BRDA:96,7,0,0
BRDA:96,7,1,0
BRDA:109,8,0,0
BRDA:109,8,1,0
BRDA:118,9,0,0
BRDA:118,9,1,0
BRDA:118,10,0,0
BRDA:118,10,1,0
BRDA:144,11,0,0
BRDA:144,11,1,0
BRDA:146,12,0,0
BRDA:146,12,1,0
BRDA:173,13,0,0
BRDA:173,13,1,0
BRDA:181,14,0,0
BRDA:181,14,1,0
BRDA:182,15,0,0
BRDA:182,15,1,0
BRDA:226,16,0,0
BRDA:226,16,1,0
BRDA:229,17,0,0
BRDA:229,17,1,0
BRDA:229,18,0,0
BRDA:229,18,1,0
BRDA:232,19,0,0
BRDA:232,19,1,0
BRDA:232,20,0,0
BRDA:232,20,1,0
BRF:42
BRH:0
end_of_record
TN:
SF:app/api/feature-flags/refresh/route.ts
FN:14,(anonymous_4)
FN:38,(anonymous_5)
FN:86,GET
FNF:3
FNH:0
FNDA:0,(anonymous_4)
FNDA:0,(anonymous_5)
FNDA:0,GET
DA:1,0
DA:3,0
DA:4,0
DA:5,0
DA:14,0
DA:15,0
DA:17,0
DA:20,0
DA:23,0
DA:26,0
DA:38,0
DA:45,0
DA:65,0
DA:66,0
DA:86,0
DA:87,0
LF:16
LH:0
BRDA:27,0,0,0
BRDA:27,0,1,0
BRDA:41,1,0,0
BRDA:41,1,1,0
BRDA:69,2,0,0
BRDA:69,2,1,0
BRF:6
BRH:0
end_of_record
TN:
SF:app/api/generate-content/route.ts
FN:14,POST
FN:88,(anonymous_5)
FNF:2
FNH:0
FNDA:0,POST
FNDA:0,(anonymous_5)
DA:1,0
DA:2,0
DA:6,0
DA:14,0
DA:15,0
DA:16,0
DA:17,0
DA:19,0
DA:20,0
DA:27,0
DA:29,0
DA:30,0
DA:37,0
DA:38,0
DA:46,0
DA:55,0
DA:67,0
DA:82,0
DA:83,0
DA:87,0
DA:89,0
DA:90,0
DA:91,0
DA:92,0
DA:95,0
DA:96,0
DA:97,0
DA:99,0
DA:100,0
DA:102,0
DA:103,0
DA:104,0
DA:106,0
DA:107,0
DA:108,0
DA:110,0
DA:111,0
DA:112,0
DA:113,0
DA:115,0
DA:119,0
DA:120,0
DA:121,0
DA:124,0
DA:125,0
DA:126,0
DA:128,0
DA:129,0
DA:132,0
DA:136,0
DA:140,0
DA:146,0
DA:147,0
DA:151,0
DA:152,0
DA:154,0
DA:159,0
DA:168,0
DA:169,0
LF:59
LH:0
BRDA:19,0,0,0
BRDA:19,0,1,0
BRDA:29,1,0,0
BRDA:29,1,1,0
BRDA:30,2,0,0
BRDA:30,2,1,0
BRDA:37,3,0,0
BRDA:37,3,1,0
BRDA:38,4,0,0
BRDA:38,4,1,0
BRDA:46,5,0,0
BRDA:46,5,1,0
BRDA:82,6,0,0
BRDA:82,6,1,0
BRDA:90,7,0,0
BRDA:90,7,1,0
BRDA:104,8,0,0
BRDA:104,8,1,0
BRDA:108,9,0,0
BRDA:108,9,1,0
BRDA:111,10,0,0
BRDA:111,10,1,0
BRDA:113,11,0,0
BRDA:113,11,1,0
BRDA:126,12,0,0
BRDA:126,12,1,0
BRDA:128,13,0,0
BRDA:128,13,1,0
BRF:28
BRH:0
end_of_record
TN:
SF:app/api/health/route.ts
FN:9,GET
FN:22,(anonymous_5)
FNF:2
FNH:0
FNDA:0,GET
FNDA:0,(anonymous_5)
DA:1,0
DA:2,0
DA:5,0
DA:6,0
DA:9,0
DA:10,0
DA:12,0
DA:15,0
DA:21,0
DA:22,0
DA:25,0
DA:35,0
DA:37,0
DA:40,0
LF:14
LH:0
BRDA:29,0,0,0
BRDA:29,0,1,0
BRDA:31,1,0,0
BRDA:31,1,1,0
BRDA:32,2,0,0
BRDA:32,2,1,0
BRDA:35,3,0,0
BRDA:35,3,1,0
BRDA:44,4,0,0
BRDA:44,4,1,0
BRF:10
BRH:0
end_of_record
TN:
SF:app/api/homepage-blocks/route.ts
FN:8,GET
FN:31,POST
FNF:2
FNH:0
FNDA:0,GET
FNDA:0,POST
DA:1,0
DA:2,0
DA:5,0
DA:6,0
DA:8,0
DA:9,0
DA:10,0
DA:11,0
DA:13,0
DA:21,0
DA:23,0
DA:24,0
DA:31,0
DA:32,0
DA:33,0
DA:46,0
DA:48,0
DA:64,0
DA:66,0
DA:67,0
LF:20
LH:0
BRDA:11,0,0,0
BRDA:11,0,1,0
BRDA:55,1,0,0
BRDA:55,1,1,0
BRDA:58,2,0,0
BRDA:58,2,1,0
BRDA:59,3,0,0
BRDA:59,3,1,0
BRDA:60,4,0,0
BRDA:60,4,1,0
BRF:10
BRH:0
end_of_record
TN:
SF:app/api/homepage-blocks/[id]/route.ts
FN:8,GET
FN:37,PATCH
FN:79,DELETE
FNF:3
FNH:0
FNDA:0,GET
FNDA:0,PATCH
FNDA:0,DELETE
DA:1,0
DA:2,0
DA:5,0
DA:6,0
DA:8,0
DA:12,0
DA:13,0
DA:20,0
DA:21,0
DA:27,0
DA:29,0
DA:30,0
DA:37,0
DA:41,0
DA:42,0
DA:52,0
DA:54,0
DA:69,0
DA:71,0
DA:72,0
DA:79,0
DA:83,0
DA:84,0
DA:88,0
DA:90,0
DA:91,0
LF:26
LH:0
BRDA:20,0,0,0
BRDA:20,0,1,0
BRF:2
BRH:0
end_of_record
TN:
SF:app/api/homepage-blocks/publish/route.ts
FN:8,POST
FNF:1
FNH:0
FNDA:0,POST
DA:1,0
DA:2,0
DA:5,0
DA:6,0
DA:8,0
DA:9,0
DA:10,0
DA:11,0
DA:14,0
DA:17,0
DA:27,0
DA:33,0
DA:37,0
DA:38,0
DA:55,0
DA:61,0
DA:62,0
LF:17
LH:0
BRF:0
BRH:0
end_of_record
TN:
SF:app/api/homepage-blocks/reorder/route.ts
FN:8,POST
FN:15,(anonymous_5)
FNF:2
FNH:0
FNDA:0,POST
FNDA:0,(anonymous_5)
DA:1,0
DA:2,0
DA:5,0
DA:6,0
DA:8,0
DA:9,0
DA:10,0
DA:11,0
DA:14,0
DA:16,0
DA:23,0
DA:25,0
DA:26,0
LF:13
LH:0
BRF:0
BRH:0
end_of_record
TN:
SF:app/api/internal/cron/audit-daily/route.ts
FN:13,POST
FN:105,GET
FN:118,performContentHealthAudit
FN:172,performSystemPerformanceAudit
FN:193,performSecurityAudit
FN:214,performDataIntegrityAudit
FN:243,performFeatureFlagAudit
FN:244,(anonymous_15)
FN:264,calculateOverallHealthScore
FN:265,(anonymous_17)
FN:266,(anonymous_18)
FN:269,findCriticalIssues
FN:272,(anonymous_20)
FN:284,generateContentRecommendations
FN:300,generatePerformanceRecommendations
FN:313,generateSecurityRecommendations
FN:326,generateDataIntegrityRecommendations
FN:339,generateFeatureFlagRecommendations
FNF:18
FNH:0
FNDA:0,POST
FNDA:0,GET
FNDA:0,performContentHealthAudit
FNDA:0,performSystemPerformanceAudit
FNDA:0,performSecurityAudit
FNDA:0,performDataIntegrityAudit
FNDA:0,performFeatureFlagAudit
FNDA:0,(anonymous_15)
FNDA:0,calculateOverallHealthScore
FNDA:0,(anonymous_17)
FNDA:0,(anonymous_18)
FNDA:0,findCriticalIssues
FNDA:0,(anonymous_20)
FNDA:0,generateContentRecommendations
FNDA:0,generatePerformanceRecommendations
FNDA:0,generateSecurityRecommendations
FNDA:0,generateDataIntegrityRecommendations
FNDA:0,generateFeatureFlagRecommendations
DA:1,0
DA:2,0
DA:4,0
DA:5,0
DA:6,0
DA:13,0
DA:14,0
DA:15,0
DA:18,0
DA:19,0
DA:21,0
DA:22,0
DA:23,0
DA:30,0
DA:31,0
DA:32,0
DA:38,0
DA:49,0
DA:52,0
DA:55,0
DA:58,0
DA:61,0
DA:64,0
DA:66,0
DA:67,0
DA:70,0
DA:71,0
DA:74,0
DA:75,0
DA:76,0
DA:77,0
DA:80,0
DA:82,0
DA:90,0
DA:91,0
DA:105,0
DA:106,0
DA:108,0
DA:119,0
DA:121,0
DA:122,0
DA:124,0
DA:133,0
DA:143,0
DA:153,0
DA:164,0
DA:173,0
DA:174,0
DA:177,0
DA:178,0
DA:180,0
DA:195,0
DA:202,0
DA:206,0
DA:215,0
DA:217,0
DA:218,0
DA:222,0
DA:224,0
DA:235,0
DA:244,0
DA:246,0
DA:247,0
DA:250,0
DA:252,0
DA:265,0
DA:266,0
DA:270,0
DA:272,0
DA:273,0
DA:274,0
DA:276,0
DA:277,0
DA:281,0
DA:285,0
DA:287,0
DA:288,0
DA:290,0
DA:291,0
DA:293,0
DA:294,0
DA:297,0
DA:301,0
DA:303,0
DA:304,0
DA:306,0
DA:307,0
DA:310,0
DA:314,0
DA:316,0
DA:317,0
DA:319,0
DA:320,0
DA:323,0
DA:327,0
DA:329,0
DA:330,0
DA:332,0
DA:333,0
DA:336,0
DA:340,0
DA:342,0
DA:343,0
DA:345,0
DA:346,0
DA:349,0
LF:106
LH:0
BRDA:19,0,0,0
BRDA:19,0,1,0
BRDA:21,1,0,0
BRDA:21,1,1,0
BRDA:30,2,0,0
BRDA:30,2,1,0
BRDA:30,3,0,0
BRDA:30,3,1,0
BRDA:75,4,0,0
BRDA:75,4,1,0
BRDA:94,5,0,0
BRDA:94,5,1,0
BRDA:106,6,0,0
BRDA:106,6,1,0
BRDA:160,7,0,0
BRDA:160,7,1,0
BRDA:160,8,0,0
BRDA:160,8,1,0
BRDA:160,8,2,0
BRDA:166,9,0,0
BRDA:166,9,1,0
BRDA:177,10,0,0
BRDA:177,10,1,0
BRDA:178,11,0,0
BRDA:178,11,1,0
BRDA:202,12,0,0
BRDA:202,12,1,0
BRDA:202,13,0,0
BRDA:202,13,1,0
BRDA:202,13,2,0
BRDA:222,14,0,0
BRDA:222,14,1,0
BRDA:237,15,0,0
BRDA:237,15,1,0
BRDA:250,16,0,0
BRDA:250,16,1,0
BRDA:265,17,0,0
BRDA:265,17,1,0
BRDA:273,18,0,0
BRDA:273,18,1,0
BRDA:276,19,0,0
BRDA:276,19,1,0
BRDA:287,20,0,0
BRDA:287,20,1,0
BRDA:290,21,0,0
BRDA:290,21,1,0
BRDA:293,22,0,0
BRDA:293,22,1,0
BRDA:303,23,0,0
BRDA:303,23,1,0
BRDA:306,24,0,0
BRDA:306,24,1,0
BRDA:316,25,0,0
BRDA:316,25,1,0
BRDA:319,26,0,0
BRDA:319,26,1,0
BRDA:329,27,0,0
BRDA:329,27,1,0
BRDA:332,28,0,0
BRDA:332,28,1,0
BRDA:342,29,0,0
BRDA:342,29,1,0
BRDA:345,30,0,0
BRDA:345,30,1,0
BRF:64
BRH:0
end_of_record
TN:
SF:app/api/media/route.ts
FN:8,GET
FNF:1
FNH:0
FNDA:0,GET
DA:1,0
DA:2,0
DA:5,0
DA:6,0
DA:8,0
DA:9,0
DA:10,0
DA:11,0
DA:12,0
DA:14,0
DA:16,0
DA:22,0
DA:24,0
DA:25,0
LF:14
LH:0
BRDA:12,0,0,0
BRDA:12,0,1,0
BRDA:14,1,0,0
BRDA:14,1,1,0
BRDA:14,2,0,0
BRDA:14,2,1,0
BRF:6
BRH:0
end_of_record
TN:
SF:app/api/media/[id]/route.ts
FN:9,GET
FN:35,PATCH
FN:65,DELETE
FNF:3
FNH:0
FNDA:0,GET
FNDA:0,PATCH
FNDA:0,DELETE
DA:1,0
DA:2,0
DA:5,0
DA:6,0
DA:7,0
DA:9,0
DA:13,0
DA:14,0
DA:18,0
DA:19,0
DA:25,0
DA:27,0
DA:28,0
DA:35,0
DA:39,0
DA:40,0
DA:41,0
DA:43,0
DA:55,0
DA:57,0
DA:58,0
DA:65,0
DA:69,0
DA:70,0
DA:74,0
DA:75,0
DA:82,0
DA:83,0
DA:86,0
DA:87,0
DA:88,0
DA:89,0
DA:91,0
DA:92,0
DA:94,0
DA:99,0
DA:103,0
DA:107,0
DA:109,0
DA:110,0
LF:40
LH:0
BRDA:18,0,0,0
BRDA:18,0,1,0
BRDA:49,1,0,0
BRDA:49,1,1,0
BRDA:74,2,0,0
BRDA:74,2,1,0
BRDA:86,3,0,0
BRDA:86,3,1,0
BRF:8
BRH:0
end_of_record
TN:
SF:app/api/media/[id]/set-role/route.ts
FN:8,POST
FNF:1
FNH:0
FNDA:0,POST
DA:1,0
DA:2,0
DA:5,0
DA:6,0
DA:8,0
DA:12,0
DA:13,0
DA:14,0
DA:16,0
DA:20,0
DA:21,0
DA:28,0
DA:29,0
DA:34,0
DA:42,0
DA:48,0
DA:49,0
LF:17
LH:0
BRDA:20,0,0,0
BRDA:20,0,1,0
BRDA:28,1,0,0
BRDA:28,1,1,0
BRDA:31,2,0,0
BRDA:31,2,1,0
BRF:6
BRH:0
end_of_record
TN:
SF:app/api/media/upload/route.ts
FN:10,POST
FN:90,generateResponsiveImages
FNF:2
FNH:0
FNDA:0,POST
FNDA:0,generateResponsiveImages
DA:1,0
DA:2,0
DA:5,0
DA:6,0
DA:7,0
DA:8,0
DA:10,0
DA:11,0
DA:12,0
DA:13,0
DA:15,0
DA:16,0
DA:23,0
DA:24,0
DA:25,0
DA:32,0
DA:35,0
DA:36,0
DA:37,0
DA:40,0
DA:41,0
DA:44,0
DA:48,0
DA:49,0
DA:50,0
DA:51,0
DA:52,0
DA:53,0
DA:56,0
DA:57,0
DA:59,0
DA:64,0
DA:80,0
DA:82,0
DA:83,0
DA:91,0
DA:97,0
DA:99,0
DA:100,0
DA:102,0
DA:107,0
DA:108,0
DA:109,0
DA:112,0
DA:117,0
DA:118,0
DA:119,0
DA:121,0
DA:125,0
LF:49
LH:0
BRDA:15,0,0,0
BRDA:15,0,1,0
BRDA:24,1,0,0
BRDA:24,1,1,0
BRDA:44,2,0,0
BRDA:44,2,1,0
BRDA:45,3,0,0
BRDA:45,3,1,0
BRDA:49,4,0,0
BRDA:49,4,1,0
BRDA:75,5,0,0
BRDA:75,5,1,0
BRDA:108,6,0,0
BRDA:108,6,1,0
BRDA:118,7,0,0
BRDA:118,7,1,0
BRF:16
BRH:0
end_of_record
TN:
SF:app/api/newsletter/subscribe/route.ts
FN:10,POST
FNF:1
FNH:0
FNDA:0,POST
DA:1,0
DA:2,0
DA:6,0
DA:7,0
DA:8,0
DA:10,0
DA:11,0
DA:12,0
DA:14,0
DA:15,0
DA:22,0
DA:31,0
DA:32,0
DA:39,0
DA:42,0
DA:44,0
DA:52,0
DA:53,0
DA:55,0
LF:19
LH:0
BRDA:12,0,0,0
BRDA:12,1,0,0
BRDA:14,2,0,0
BRDA:14,2,1,0
BRDA:31,3,0,0
BRDA:31,3,1,0
BRDA:46,4,0,0
BRDA:46,4,1,0
BRF:8
BRH:0
end_of_record
TN:
SF:app/api/phase4/status/route.ts
FN:11,(anonymous_3)
FNF:1
FNH:0
FNDA:0,(anonymous_3)
DA:1,0
DA:3,0
DA:4,0
DA:5,0
DA:11,0
DA:12,0
DA:14,0
DA:15,0
DA:16,0
DA:19,0
DA:20,0
DA:23,0
DA:36,0
DA:65,0
DA:66,0
LF:15
LH:0
BRDA:19,0,0,0
BRDA:19,0,1,0
BRDA:20,1,0,0
BRDA:20,1,1,0
BRDA:24,2,0,0
BRDA:24,2,1,0
BRDA:25,3,0,0
BRDA:25,3,1,0
BRDA:26,4,0,0
BRDA:26,4,1,0
BRDA:27,5,0,0
BRDA:27,5,1,0
BRDA:28,6,0,0
BRDA:28,6,1,0
BRDA:29,7,0,0
BRDA:29,7,1,0
BRDA:30,8,0,0
BRDA:30,8,1,0
BRDA:31,9,0,0
BRDA:31,9,1,0
BRDA:32,10,0,0
BRDA:32,10,1,0
BRDA:33,11,0,0
BRDA:33,11,1,0
BRDA:69,12,0,0
BRDA:69,12,1,0
BRF:26
BRH:0
end_of_record
TN:
SF:app/api/phase4b/content/generate/route.ts
FN:7,(anonymous_5)
FN:10,POST
FN:17,(anonymous_7)
FN:21,(anonymous_8)
FN:29,GET
FNF:5
FNH:0
FNDA:0,(anonymous_5)
FNDA:0,POST
FNDA:0,(anonymous_7)
FNDA:0,(anonymous_8)
FNDA:0,GET
DA:1,0
DA:2,0
DA:4,0
DA:5,0
DA:7,0
DA:8,0
DA:10,0
DA:12,0
DA:15,0
DA:17,0
DA:18,0
DA:19,0
DA:21,0
DA:22,0
DA:25,0
DA:26,0
DA:29,0
DA:30,0
LF:18
LH:0
BRDA:12,0,0,0
BRDA:12,0,1,0
BRDA:15,1,0,0
BRDA:15,1,1,0
BRF:4
BRH:0
end_of_record
TN:
SF:app/api/phase4b/topics/research/route.ts
FN:7,(anonymous_5)
FN:10,POST
FN:20,(anonymous_7)
FN:37,(anonymous_8)
FN:70,GET
FNF:5
FNH:0
FNDA:0,(anonymous_5)
FNDA:0,POST
FNDA:0,(anonymous_7)
FNDA:0,(anonymous_8)
FNDA:0,GET
DA:1,0
DA:2,0
DA:4,0
DA:5,0
DA:7,0
DA:8,0
DA:10,0
DA:12,0
DA:15,0
DA:17,0
DA:18,0
DA:20,0
DA:21,0
DA:22,0
DA:23,0
DA:25,0
DA:29,0
DA:30,0
DA:37,0
DA:38,0
DA:46,0
DA:47,0
DA:48,0
DA:50,0
DA:52,0
DA:57,0
DA:58,0
DA:59,0
DA:60,0
DA:63,0
DA:66,0
DA:67,0
DA:70,0
DA:71,0
LF:34
LH:0
BRDA:12,0,0,0
BRDA:12,0,1,0
BRDA:15,1,0,0
BRDA:15,1,1,0
BRDA:17,2,0,0
BRDA:17,2,1,0
BRDA:18,3,0,0
BRDA:18,3,1,0
BRDA:21,4,0,0
BRDA:21,5,0,0
BRDA:46,6,0,0
BRDA:46,6,1,0
BRDA:52,7,0,0
BRDA:52,7,1,0
BRDA:52,7,2,0
BRDA:60,8,0,0
BRDA:60,8,1,0
BRF:17
BRH:0
end_of_record
TN:
SF:app/api/reports/compliance/route.ts
FN:8,(anonymous_4)
FN:98,getComplianceData
FN:124,(anonymous_6)
FN:128,(anonymous_7)
FN:157,(anonymous_8)
FN:190,filterEventsByComplianceType
FN:193,(anonymous_10)
FN:198,(anonymous_11)
FN:203,(anonymous_12)
FN:207,(anonymous_13)
FN:215,detectPrivilegeEscalations
FN:220,(anonymous_15)
FN:230,(anonymous_16)
FN:233,(anonymous_17)
FN:246,(anonymous_18)
FN:259,detectSuspiciousActivities
FN:263,(anonymous_20)
FN:284,(anonymous_21)
FN:296,(anonymous_22)
FN:312,calculateComplianceScore
FN:320,(anonymous_24)
FN:326,(anonymous_25)
FN:327,(anonymous_26)
FN:333,getAccessControlSummary
FN:344,(anonymous_28)
FN:349,(anonymous_29)
FN:350,(anonymous_30)
FN:363,getDataGovernanceMetrics
FN:385,getSecurityEvents
FN:386,(anonymous_33)
FN:389,(anonymous_34)
FN:399,generateComplianceCSV
FN:417,(anonymous_36)
FNF:33
FNH:0
FNDA:0,(anonymous_4)
FNDA:0,getComplianceData
FNDA:0,(anonymous_6)
FNDA:0,(anonymous_7)
FNDA:0,(anonymous_8)
FNDA:0,filterEventsByComplianceType
FNDA:0,(anonymous_10)
FNDA:0,(anonymous_11)
FNDA:0,(anonymous_12)
FNDA:0,(anonymous_13)
FNDA:0,detectPrivilegeEscalations
FNDA:0,(anonymous_15)
FNDA:0,(anonymous_16)
FNDA:0,(anonymous_17)
FNDA:0,(anonymous_18)
FNDA:0,detectSuspiciousActivities
FNDA:0,(anonymous_20)
FNDA:0,(anonymous_21)
FNDA:0,(anonymous_22)
FNDA:0,calculateComplianceScore
FNDA:0,(anonymous_24)
FNDA:0,(anonymous_25)
FNDA:0,(anonymous_26)
FNDA:0,getAccessControlSummary
FNDA:0,(anonymous_28)
FNDA:0,(anonymous_29)
FNDA:0,(anonymous_30)
FNDA:0,getDataGovernanceMetrics
FNDA:0,getSecurityEvents
FNDA:0,(anonymous_33)
FNDA:0,(anonymous_34)
FNDA:0,generateComplianceCSV
FNDA:0,(anonymous_36)
DA:1,0
DA:2,0
DA:4,0
DA:5,0
DA:6,0
DA:8,0
DA:9,0
DA:10,0
DA:11,0
DA:12,0
DA:13,0
DA:14,0
DA:17,0
DA:18,0
DA:21,0
DA:22,0
DA:29,0
DA:31,0
DA:57,0
DA:67,0
DA:68,0
DA:69,0
DA:77,0
DA:79,0
DA:81,0
DA:91,0
DA:99,0
DA:101,0
DA:118,0
DA:119,0
DA:120,0
DA:124,0
DA:125,0
DA:128,0
DA:129,0
DA:133,0
DA:136,0
DA:139,0
DA:142,0
DA:145,0
DA:148,0
DA:150,0
DA:157,0
DA:174,0
DA:175,0
DA:191,0
DA:193,0
DA:194,0
DA:198,0
DA:199,0
DA:203,0
DA:204,0
DA:207,0
DA:208,0
DA:211,0
DA:217,0
DA:220,0
DA:221,0
DA:222,0
DA:223,0
DA:225,0
DA:228,0
DA:230,0
DA:231,0
DA:233,0
DA:234,0
DA:237,0
DA:238,0
DA:246,0
DA:247,0
DA:248,0
DA:256,0
DA:260,0
DA:263,0
DA:264,0
DA:265,0
DA:266,0
DA:268,0
DA:272,0
DA:273,0
DA:274,0
DA:275,0
DA:284,0
DA:285,0
DA:286,0
DA:296,0
DA:297,0
DA:298,0
DA:301,0
DA:302,0
DA:309,0
DA:313,0
DA:316,0
DA:317,0
DA:320,0
DA:321,0
DA:322,0
DA:325,0
DA:326,0
DA:327,0
DA:328,0
DA:330,0
DA:334,0
DA:344,0
DA:345,0
DA:346,0
DA:349,0
DA:350,0
DA:351,0
DA:354,0
DA:364,0
DA:371,0
DA:378,0
DA:386,0
DA:387,0
DA:389,0
DA:400,0
DA:418,0
DA:422,0
LF:119
LH:0
BRDA:14,0,0,0
BRDA:14,0,1,0
BRDA:17,1,0,0
BRDA:17,1,1,0
BRDA:18,2,0,0
BRDA:18,2,1,0
BRDA:21,3,0,0
BRDA:21,3,1,0
BRDA:34,4,0,0
BRDA:34,4,1,0
BRDA:62,5,0,0
BRDA:62,5,1,0
BRDA:62,5,2,0
BRDA:63,6,0,0
BRDA:63,6,1,0
BRDA:67,7,0,0
BRDA:67,7,1,0
BRDA:86,8,0,0
BRDA:86,8,1,0
BRDA:87,9,0,0
BRDA:87,9,1,0
BRDA:87,9,2,0
BRDA:88,10,0,0
BRDA:88,10,1,0
BRDA:119,11,0,0
BRDA:119,11,1,0
BRDA:129,12,0,0
BRDA:129,12,1,0
BRDA:191,13,0,0
BRDA:191,13,1,0
BRDA:191,13,2,0
BRDA:191,13,3,0
BRDA:191,13,4,0
BRDA:194,14,0,0
BRDA:194,14,1,0
BRDA:199,15,0,0
BRDA:199,15,1,0
BRDA:221,16,0,0
BRDA:221,16,1,0
BRDA:222,17,0,0
BRDA:222,17,1,0
BRDA:231,18,0,0
BRDA:231,18,1,0
BRDA:234,19,0,0
BRDA:234,19,1,0
BRDA:237,20,0,0
BRDA:237,20,1,0
BRDA:237,21,0,0
BRDA:237,21,1,0
BRDA:247,22,0,0
BRDA:247,22,1,0
BRDA:264,23,0,0
BRDA:264,23,1,0
BRDA:264,24,0,0
BRDA:264,24,1,0
BRDA:265,25,0,0
BRDA:265,25,1,0
BRDA:274,26,0,0
BRDA:274,26,1,0
BRDA:285,27,0,0
BRDA:285,27,1,0
BRDA:298,28,0,0
BRDA:298,28,1,0
BRDA:301,29,0,0
BRDA:301,29,1,0
BRDA:345,30,0,0
BRDA:345,30,1,0
BRDA:351,31,0,0
BRDA:351,31,1,0
BRDA:359,32,0,0
BRDA:359,32,1,0
BRDA:387,33,0,0
BRDA:387,33,1,0
BRDA:418,34,0,0
BRDA:418,34,1,0
BRDA:418,35,0,0
BRDA:418,35,1,0
BRDA:418,36,0,0
BRDA:418,36,1,0
BRDA:418,37,0,0
BRDA:418,37,1,0
BRF:81
BRH:0
end_of_record
TN:
SF:app/api/reports/errors/route.ts
FN:8,(anonymous_4)
FN:95,getErrorStatistics
FN:131,(anonymous_6)
FN:136,(anonymous_7)
FN:142,(anonymous_8)
FN:143,(anonymous_9)
FN:145,(anonymous_10)
FN:150,(anonymous_11)
FN:151,(anonymous_12)
FN:176,(anonymous_13)
FN:184,(anonymous_14)
FN:209,calculateDailyErrorTrends
FN:218,(anonymous_16)
FN:222,(anonymous_17)
FN:239,generateErrorCSV
FN:255,(anonymous_19)
FN:259,(anonymous_20)
FN:263,(anonymous_21)
FN:269,(anonymous_22)
FNF:19
FNH:0
FNDA:0,(anonymous_4)
FNDA:0,getErrorStatistics
FNDA:0,(anonymous_6)
FNDA:0,(anonymous_7)
FNDA:0,(anonymous_8)
FNDA:0,(anonymous_9)
FNDA:0,(anonymous_10)
FNDA:0,(anonymous_11)
FNDA:0,(anonymous_12)
FNDA:0,(anonymous_13)
FNDA:0,(anonymous_14)
FNDA:0,calculateDailyErrorTrends
FNDA:0,(anonymous_16)
FNDA:0,(anonymous_17)
FNDA:0,generateErrorCSV
FNDA:0,(anonymous_19)
FNDA:0,(anonymous_20)
FNDA:0,(anonymous_21)
FNDA:0,(anonymous_22)
DA:1,0
DA:2,0
DA:4,0
DA:5,0
DA:6,0
DA:8,0
DA:9,0
DA:10,0
DA:11,0
DA:12,0
DA:13,0
DA:14,0
DA:17,0
DA:18,0
DA:21,0
DA:22,0
DA:29,0
DA:31,0
DA:54,0
DA:64,0
DA:65,0
DA:66,0
DA:74,0
DA:76,0
DA:78,0
DA:88,0
DA:96,0
DA:98,0
DA:103,0
DA:109,0
DA:118,0
DA:126,0
DA:127,0
DA:128,0
DA:131,0
DA:132,0
DA:133,0
DA:136,0
DA:137,0
DA:138,0
DA:141,0
DA:142,0
DA:143,0
DA:145,0
DA:149,0
DA:150,0
DA:151,0
DA:155,0
DA:158,0
DA:167,0
DA:169,0
DA:176,0
DA:184,0
DA:196,0
DA:197,0
DA:210,0
DA:211,0
DA:213,0
DA:214,0
DA:215,0
DA:216,0
DA:218,0
DA:219,0
DA:222,0
DA:223,0
DA:226,0
DA:233,0
DA:236,0
DA:240,0
DA:255,0
DA:259,0
DA:264,0
DA:270,0
DA:274,0
LF:74
LH:0
BRDA:14,0,0,0
BRDA:14,0,1,0
BRDA:17,1,0,0
BRDA:17,1,1,0
BRDA:18,2,0,0
BRDA:18,2,1,0
BRDA:21,3,0,0
BRDA:21,3,1,0
BRDA:59,4,0,0
BRDA:59,4,1,0
BRDA:59,4,2,0
BRDA:60,5,0,0
BRDA:60,5,1,0
BRDA:64,6,0,0
BRDA:64,6,1,0
BRDA:83,7,0,0
BRDA:83,7,1,0
BRDA:84,8,0,0
BRDA:84,8,1,0
BRDA:84,8,2,0
BRDA:85,9,0,0
BRDA:85,9,1,0
BRDA:127,10,0,0
BRDA:127,10,1,0
BRDA:132,11,0,0
BRDA:132,11,1,0
BRDA:137,12,0,0
BRDA:137,12,1,0
BRDA:167,13,0,0
BRDA:167,13,1,0
BRDA:219,14,0,0
BRDA:219,14,1,0
BRDA:223,15,0,0
BRDA:223,15,1,0
BRDA:244,16,0,0
BRDA:244,16,1,0
BRDA:264,17,0,0
BRDA:264,17,1,0
BRDA:264,18,0,0
BRDA:264,18,1,0
BRDA:264,19,0,0
BRDA:264,19,1,0
BRDA:270,20,0,0
BRDA:270,20,1,0
BRDA:270,21,0,0
BRDA:270,21,1,0
BRF:46
BRH:0
end_of_record
TN:
SF:app/api/reports/usage/route.ts
FN:9,(anonymous_4)
FN:104,getUsageStatistics
FN:184,(anonymous_6)
FN:188,(anonymous_7)
FN:204,generateUsageCSV
FN:221,(anonymous_9)
FN:225,(anonymous_10)
FNF:7
FNH:0
FNDA:0,(anonymous_4)
FNDA:0,getUsageStatistics
FNDA:0,(anonymous_6)
FNDA:0,(anonymous_7)
FNDA:0,generateUsageCSV
FNDA:0,(anonymous_9)
FNDA:0,(anonymous_10)
DA:1,0
DA:2,0
DA:4,0
DA:5,0
DA:6,0
DA:7,0
DA:9,0
DA:10,0
DA:11,0
DA:12,0
DA:13,0
DA:14,0
DA:17,0
DA:18,0
DA:21,0
DA:22,0
DA:29,0
DA:36,0
DA:38,0
DA:63,0
DA:73,0
DA:74,0
DA:75,0
DA:83,0
DA:85,0
DA:87,0
DA:97,0
DA:105,0
DA:107,0
DA:116,0
DA:126,0
DA:137,0
DA:158,0
DA:176,0
DA:184,0
DA:188,0
DA:194,0
DA:195,0
DA:205,0
DA:221,0
DA:225,0
DA:228,0
LF:42
LH:0
BRDA:14,0,0,0
BRDA:14,0,1,0
BRDA:17,1,0,0
BRDA:17,1,1,0
BRDA:18,2,0,0
BRDA:18,2,1,0
BRDA:21,3,0,0
BRDA:21,3,1,0
BRDA:68,4,0,0
BRDA:68,4,1,0
BRDA:68,4,2,0
BRDA:69,5,0,0
BRDA:69,5,1,0
BRDA:73,6,0,0
BRDA:73,6,1,0
BRDA:92,7,0,0
BRDA:92,7,1,0
BRDA:93,8,0,0
BRDA:93,8,1,0
BRDA:93,8,2,0
BRDA:94,9,0,0
BRDA:94,9,1,0
BRDA:185,10,0,0
BRDA:185,10,1,0
BRF:24
BRH:0
end_of_record
TN:
SF:app/api/search-console/submit-url/route.ts
FN:9,POST
FNF:1
FNH:0
FNDA:0,POST
DA:1,0
DA:2,0
DA:6,0
DA:7,0
DA:9,0
DA:10,0
DA:12,0
DA:13,0
DA:14,0
DA:20,0
DA:22,0
DA:23,0
DA:30,0
DA:32,0
DA:33,0
DA:39,0
DA:45,0
DA:47,0
LF:18
LH:0
BRDA:13,0,0,0
BRDA:13,0,1,0
BRDA:22,1,0,0
BRDA:22,1,1,0
BRDA:32,2,0,0
BRDA:32,2,1,0
BRF:6
BRH:0
end_of_record
TN:
SF:app/api/seo/analyze-content/route.ts
FN:8,POST
FN:36,analyzeContent
FN:37,(anonymous_6)
FN:39,(anonymous_7)
FN:49,(anonymous_8)
FN:85,countSyllables
FN:95,extractHeadings
FN:110,generateSuggestions
FN:129,(anonymous_12)
FNF:9
FNH:0
FNDA:0,POST
FNDA:0,analyzeContent
FNDA:0,(anonymous_6)
FNDA:0,(anonymous_7)
FNDA:0,(anonymous_8)
FNDA:0,countSyllables
FNDA:0,extractHeadings
FNDA:0,generateSuggestions
FNDA:0,(anonymous_12)
DA:1,0
DA:2,0
DA:6,0
DA:8,0
DA:9,0
DA:10,0
DA:12,0
DA:13,0
DA:20,0
DA:22,0
DA:28,0
DA:29,0
DA:37,0
DA:38,0
DA:39,0
DA:40,0
DA:43,0
DA:48,0
DA:49,0
DA:50,0
DA:51,0
DA:52,0
DA:56,0
DA:59,0
DA:60,0
DA:63,0
DA:74,0
DA:87,0
DA:96,0
DA:97,0
DA:100,0
DA:101,0
DA:107,0
DA:111,0
DA:113,0
DA:114,0
DA:117,0
DA:118,0
DA:121,0
DA:122,0
DA:125,0
DA:126,0
DA:129,0
DA:130,0
DA:131,0
DA:134,0
DA:135,0
DA:138,0
DA:139,0
DA:142,0
LF:50
LH:0
BRDA:12,0,0,0
BRDA:12,0,1,0
BRDA:20,1,0,0
BRDA:20,1,1,0
BRDA:51,2,0,0
BRDA:51,2,1,0
BRDA:59,3,0,0
BRDA:59,3,1,0
BRDA:60,4,0,0
BRDA:60,4,1,0
BRDA:87,5,0,0
BRDA:87,5,1,0
BRDA:113,6,0,0
BRDA:113,6,1,0
BRDA:117,7,0,0
BRDA:117,7,1,0
BRDA:121,8,0,0
BRDA:121,8,1,0
BRDA:125,9,0,0
BRDA:125,9,1,0
BRDA:130,10,0,0
BRDA:130,10,1,0
BRDA:134,11,0,0
BRDA:134,11,1,0
BRDA:138,12,0,0
BRDA:138,12,1,0
BRF:26
BRH:0
end_of_record
TN:
SF:app/api/seo/entities/route.ts
FN:10,GET
FN:72,(anonymous_6)
FN:76,(anonymous_7)
FN:97,POST
FNF:4
FNH:0
FNDA:0,GET
FNDA:0,(anonymous_6)
FNDA:0,(anonymous_7)
FNDA:0,POST
DA:1,0
DA:2,0
DA:5,0
DA:10,0
DA:11,0
DA:12,0
DA:13,0
DA:14,0
DA:16,0
DA:17,0
DA:18,0
DA:19,0
DA:26,0
DA:69,0
DA:71,0
DA:72,0
DA:75,0
DA:76,0
DA:77,0
DA:82,0
DA:88,0
DA:89,0
DA:97,0
DA:98,0
DA:99,0
DA:102,0
DA:103,0
DA:110,0
DA:118,0
DA:125,0
DA:126,0
LF:31
LH:0
BRDA:17,0,0,0
BRDA:17,0,1,0
BRDA:17,1,0,0
BRDA:17,1,1,0
BRDA:18,2,0,0
BRDA:18,2,1,0
BRDA:71,3,0,0
BRDA:71,3,1,0
BRDA:71,4,0,0
BRDA:71,4,1,0
BRDA:75,5,0,0
BRDA:75,5,1,0
BRDA:77,6,0,0
BRDA:77,6,1,0
BRDA:102,7,0,0
BRDA:102,7,1,0
BRDA:102,8,0,0
BRDA:102,8,1,0
BRF:18
BRH:0
end_of_record
TN:
SF:app/api/seo/generate-meta/route.ts
FN:8,POST
FNF:1
FNH:0
FNDA:0,POST
DA:1,0
DA:2,0
DA:6,0
DA:8,0
DA:9,0
DA:10,0
DA:12,0
DA:13,0
DA:20,0
DA:57,0
DA:58,0
DA:60,0
DA:61,0
DA:64,0
DA:70,0
DA:71,0
LF:16
LH:0
BRDA:10,0,0,0
BRDA:12,1,0,0
BRDA:12,1,1,0
BRDA:12,2,0,0
BRDA:12,2,1,0
BRDA:31,3,0,0
BRDA:31,3,1,0
BRDA:60,4,0,0
BRDA:60,4,1,0
BRF:9
BRH:0
end_of_record
TN:
SF:app/api/seo/generate-og-image/route.ts
FN:8,POST
FN:58,GET
FNF:2
FNH:0
FNDA:0,POST
FNDA:0,GET
DA:1,0
DA:2,0
DA:6,0
DA:8,0
DA:9,0
DA:10,0
DA:12,0
DA:13,0
DA:26,0
DA:30,0
DA:40,0
DA:42,0
DA:49,0
DA:50,0
DA:58,0
DA:59,0
DA:60,0
DA:61,0
DA:62,0
DA:67,0
DA:141,0
LF:21
LH:0
BRDA:10,0,0,0
BRDA:12,1,0,0
BRDA:12,1,1,0
BRDA:26,2,0,0
BRDA:26,2,1,0
BRDA:32,3,0,0
BRDA:32,3,1,0
BRDA:60,4,0,0
BRDA:60,4,1,0
BRDA:61,5,0,0
BRDA:61,5,1,0
BRDA:62,6,0,0
BRDA:62,6,1,0
BRF:13
BRH:0
end_of_record
TN:
SF:app/api/seo/generate-title/route.ts
FN:8,POST
FNF:1
FNH:0
FNDA:0,POST
DA:1,0
DA:2,0
DA:6,0
DA:8,0
DA:9,0
DA:10,0
DA:12,0
DA:13,0
DA:20,0
DA:57,0
DA:58,0
DA:60,0
DA:61,0
DA:64,0
DA:70,0
DA:71,0
LF:16
LH:0
BRDA:10,0,0,0
BRDA:12,1,0,0
BRDA:12,1,1,0
BRDA:31,2,0,0
BRDA:31,2,1,0
BRDA:60,3,0,0
BRDA:60,3,1,0
BRF:7
BRH:0
end_of_record
TN:
SF:app/api/seo/internal-links/route.ts
FN:38,GET
FN:83,POST
FN:118,analyzeInternalLinks
FN:199,(anonymous_8)
FN:212,(anonymous_9)
FN:213,(anonymous_10)
FN:217,(anonymous_11)
FN:218,(anonymous_12)
FN:222,(anonymous_13)
FN:244,getLinkSuggestions
FN:276,getOrphanedPages
FN:316,getBrokenLinks
FN:354,scanAllPages
FN:391,fixBrokenLinks
FN:404,(anonymous_19)
FN:420,implementLinkSuggestions
FN:433,(anonymous_21)
FN:450,generateLinkSuggestions
FN:454,(anonymous_23)
FN:455,(anonymous_24)
FN:460,(anonymous_25)
FN:482,(anonymous_26)
FNF:22
FNH:0
FNDA:0,GET
FNDA:0,POST
FNDA:0,analyzeInternalLinks
FNDA:0,(anonymous_8)
FNDA:0,(anonymous_9)
FNDA:0,(anonymous_10)
FNDA:0,(anonymous_11)
FNDA:0,(anonymous_12)
FNDA:0,(anonymous_13)
FNDA:0,getLinkSuggestions
FNDA:0,getOrphanedPages
FNDA:0,getBrokenLinks
FNDA:0,scanAllPages
FNDA:0,fixBrokenLinks
FNDA:0,(anonymous_19)
FNDA:0,implementLinkSuggestions
FNDA:0,(anonymous_21)
FNDA:0,generateLinkSuggestions
FNDA:0,(anonymous_23)
FNDA:0,(anonymous_24)
FNDA:0,(anonymous_25)
FNDA:0,(anonymous_26)
DA:1,0
DA:2,0
DA:6,0
DA:38,0
DA:40,0
DA:41,0
DA:42,0
DA:48,0
DA:49,0
DA:50,0
DA:52,0
DA:53,0
DA:55,0
DA:57,0
DA:58,0
DA:63,0
DA:65,0
DA:67,0
DA:69,0
DA:75,0
DA:76,0
DA:83,0
DA:85,0
DA:86,0
DA:87,0
DA:93,0
DA:94,0
DA:96,0
DA:98,0
DA:100,0
DA:102,0
DA:104,0
DA:110,0
DA:111,0
DA:119,0
DA:123,0
DA:197,0
DA:199,0
DA:208,0
DA:211,0
DA:212,0
DA:213,0
DA:216,0
DA:217,0
DA:218,0
DA:220,0
DA:221,0
DA:222,0
DA:226,0
DA:229,0
DA:237,0
DA:245,0
DA:248,0
DA:265,0
DA:277,0
DA:280,0
DA:300,0
DA:318,0
DA:338,0
DA:355,0
DA:356,0
DA:364,0
DA:367,0
DA:376,0
DA:383,0
DA:384,0
DA:392,0
DA:399,0
DA:401,0
DA:404,0
DA:412,0
DA:413,0
DA:421,0
DA:428,0
DA:430,0
DA:433,0
DA:442,0
DA:443,0
DA:451,0
DA:454,0
DA:455,0
DA:456,0
DA:457,0
DA:460,0
DA:461,0
DA:464,0
DA:465,0
DA:467,0
DA:468,0
DA:481,0
DA:482,0
LF:91
LH:0
BRDA:41,0,0,0
BRDA:41,0,1,0
BRDA:49,1,0,0
BRDA:49,1,1,0
BRDA:53,2,0,0
BRDA:53,2,1,0
BRDA:53,2,2,0
BRDA:53,2,3,0
BRDA:53,2,4,0
BRDA:57,3,0,0
BRDA:57,3,1,0
BRDA:86,4,0,0
BRDA:86,4,1,0
BRDA:96,5,0,0
BRDA:96,5,1,0
BRDA:96,5,2,0
BRDA:96,5,3,0
BRDA:119,6,0,0
BRDA:119,6,1,0
BRDA:212,7,0,0
BRDA:212,7,1,0
BRDA:222,8,0,0
BRDA:222,8,1,0
BRDA:245,9,0,0
BRDA:245,9,1,0
BRDA:277,10,0,0
BRDA:277,10,1,0
BRDA:356,11,0,0
BRDA:356,11,1,0
BRDA:456,12,0,0
BRDA:456,12,1,0
BRDA:457,13,0,0
BRDA:457,13,1,0
BRDA:461,14,0,0
BRDA:461,14,1,0
BRDA:464,15,0,0
BRDA:464,15,1,0
BRDA:467,16,0,0
BRDA:467,16,1,0
BRF:39
BRH:0
end_of_record
TN:
SF:app/api/seo/lighthouse-audit/route.ts
FN:9,POST
FN:40,simulateLighthouseAudit
FN:42,(anonymous_6)
FNF:3
FNH:0
FNDA:0,POST
FNDA:0,simulateLighthouseAudit
FNDA:0,(anonymous_6)
DA:1,0
DA:2,0
DA:5,0
DA:9,0
DA:10,0
DA:11,0
DA:13,0
DA:14,0
DA:23,0
DA:25,0
DA:32,0
DA:33,0
DA:42,0
DA:44,0
DA:48,0
LF:15
LH:0
BRDA:11,0,0,0
BRDA:13,1,0,0
BRDA:13,1,1,0
BRDA:44,2,0,0
BRDA:44,2,1,0
BRDA:51,3,0,0
BRDA:51,3,1,0
BRDA:52,4,0,0
BRDA:52,4,1,0
BRDA:54,5,0,0
BRDA:54,5,1,0
BRDA:55,6,0,0
BRDA:55,6,1,0
BRF:13
BRH:0
end_of_record
TN:
SF:app/api/seo/optimize-content/route.ts
FN:9,POST
FN:89,addStructuredDataHints
FNF:2
FNH:0
FNDA:0,POST
FNDA:0,addStructuredDataHints
DA:1,0
DA:2,0
DA:6,0
DA:7,0
DA:9,0
DA:10,0
DA:11,0
DA:13,0
DA:14,0
DA:21,0
DA:22,0
DA:25,0
DA:64,0
DA:65,0
DA:67,0
DA:69,0
DA:73,0
DA:75,0
DA:81,0
DA:82,0
DA:91,0
DA:92,0
DA:94,0
DA:95,0
DA:98,0
DA:102,0
DA:103,0
DA:105,0
DA:106,0
DA:109,0
DA:112,0
LF:31
LH:0
BRDA:11,0,0,0
BRDA:13,1,0,0
BRDA:13,1,1,0
BRDA:36,2,0,0
BRDA:36,2,1,0
BRDA:67,3,0,0
BRDA:67,3,1,0
BRDA:92,4,0,0
BRDA:92,4,1,0
BRDA:94,5,0,0
BRDA:94,5,1,0
BRDA:95,6,0,0
BRDA:95,6,1,0
BRDA:103,7,0,0
BRDA:103,7,1,0
BRDA:105,8,0,0
BRDA:105,8,1,0
BRDA:106,9,0,0
BRDA:106,9,1,0
BRF:19
BRH:0
end_of_record
TN:
SF:app/api/seo/redirects/route.ts
FN:29,GET
FN:72,POST
FN:107,PUT
FN:135,DELETE
FN:164,getRedirects
FN:211,(anonymous_12)
FN:212,(anonymous_13)
FN:213,(anonymous_14)
FN:219,checkRedirect
FN:250,getRedirectStats
FN:288,validateRedirects
FN:324,(anonymous_18)
FN:325,(anonymous_19)
FN:326,(anonymous_20)
FN:345,createRedirect
FN:385,createBulkRedirects
FN:422,generateAutoRedirects
FN:479,importRedirectsCsv
FN:499,(anonymous_25)
FN:530,updateRedirect
FN:545,deleteRedirect
FN:556,checkExistingRedirect
FNF:22
FNH:0
FNDA:0,GET
FNDA:0,POST
FNDA:0,PUT
FNDA:0,DELETE
FNDA:0,getRedirects
FNDA:0,(anonymous_12)
FNDA:0,(anonymous_13)
FNDA:0,(anonymous_14)
FNDA:0,checkRedirect
FNDA:0,getRedirectStats
FNDA:0,validateRedirects
FNDA:0,(anonymous_18)
FNDA:0,(anonymous_19)
FNDA:0,(anonymous_20)
FNDA:0,createRedirect
FNDA:0,createBulkRedirects
FNDA:0,generateAutoRedirects
FNDA:0,importRedirectsCsv
FNDA:0,(anonymous_25)
FNDA:0,updateRedirect
FNDA:0,deleteRedirect
FNDA:0,checkExistingRedirect
DA:1,0
DA:2,0
DA:6,0
DA:29,0
DA:30,0
DA:31,0
DA:37,0
DA:38,0
DA:39,0
DA:41,0
DA:42,0
DA:44,0
DA:46,0
DA:47,0
DA:52,0
DA:54,0
DA:56,0
DA:58,0
DA:64,0
DA:65,0
DA:72,0
DA:73,0
DA:74,0
DA:80,0
DA:81,0
DA:83,0
DA:85,0
DA:87,0
DA:89,0
DA:91,0
DA:93,0
DA:99,0
DA:100,0
DA:107,0
DA:108,0
DA:109,0
DA:115,0
DA:116,0
DA:118,0
DA:119,0
DA:125,0
DA:127,0
DA:128,0
DA:135,0
DA:136,0
DA:137,0
DA:143,0
DA:144,0
DA:145,0
DA:147,0
DA:148,0
DA:154,0
DA:156,0
DA:157,0
DA:166,0
DA:206,0
DA:211,0
DA:212,0
DA:213,0
DA:221,0
DA:234,0
DA:251,0
DA:281,0
DA:289,0
DA:292,0
DA:322,0
DA:324,0
DA:325,0
DA:326,0
DA:329,0
DA:347,0
DA:348,0
DA:355,0
DA:356,0
DA:357,0
DA:364,0
DA:376,0
DA:378,0
DA:386,0
DA:392,0
DA:393,0
DA:394,0
DA:395,0
DA:396,0
DA:397,0
DA:400,0
DA:401,0
DA:402,0
DA:403,0
DA:407,0
DA:408,0
DA:410,0
DA:411,0
DA:415,0
DA:423,0
DA:426,0
DA:429,0
DA:430,0
DA:433,0
DA:441,0
DA:442,0
DA:450,0
DA:451,0
DA:460,0
DA:461,0
DA:469,0
DA:481,0
DA:482,0
DA:484,0
DA:485,0
DA:491,0
DA:492,0
DA:494,0
DA:495,0
DA:496,0
DA:497,0
DA:499,0
DA:500,0
DA:503,0
DA:504,0
DA:511,0
DA:514,0
DA:518,0
DA:532,0
DA:534,0
DA:547,0
DA:549,0
DA:559,0
LF:128
LH:0
BRDA:30,0,0,0
BRDA:30,0,1,0
BRDA:38,1,0,0
BRDA:38,1,1,0
BRDA:42,2,0,0
BRDA:42,2,1,0
BRDA:42,2,2,0
BRDA:42,2,3,0
BRDA:42,2,4,0
BRDA:46,3,0,0
BRDA:46,3,1,0
BRDA:73,4,0,0
BRDA:73,4,1,0
BRDA:83,5,0,0
BRDA:83,5,1,0
BRDA:83,5,2,0
BRDA:83,5,3,0
BRDA:83,5,4,0
BRDA:108,6,0,0
BRDA:108,6,1,0
BRDA:118,7,0,0
BRDA:118,7,1,0
BRDA:136,8,0,0
BRDA:136,8,1,0
BRDA:147,9,0,0
BRDA:147,9,1,0
BRDA:221,10,0,0
BRDA:221,10,1,0
BRDA:240,11,0,0
BRDA:240,11,1,0
BRDA:289,12,0,0
BRDA:289,12,1,0
BRDA:347,13,0,0
BRDA:347,13,1,0
BRDA:347,14,0,0
BRDA:347,14,1,0
BRDA:356,15,0,0
BRDA:356,15,1,0
BRDA:368,16,0,0
BRDA:368,16,1,0
BRDA:369,17,0,0
BRDA:369,17,1,0
BRDA:394,18,0,0
BRDA:394,18,1,0
BRDA:394,19,0,0
BRDA:394,19,1,0
BRDA:401,20,0,0
BRDA:401,20,1,0
BRDA:437,21,0,0
BRDA:437,21,1,0
BRDA:441,22,0,0
BRDA:441,22,1,0
BRDA:450,23,0,0
BRDA:450,23,1,0
BRDA:450,24,0,0
BRDA:450,24,1,0
BRDA:460,25,0,0
BRDA:460,25,1,0
BRDA:484,26,0,0
BRDA:484,26,1,0
BRDA:484,27,0,0
BRDA:484,27,1,0
BRDA:500,28,0,0
BRDA:500,28,1,0
BRDA:503,29,0,0
BRDA:503,29,1,0
BRDA:503,30,0,0
BRDA:503,30,1,0
BRDA:507,31,0,0
BRDA:507,31,1,0
BRDA:508,32,0,0
BRDA:508,32,1,0
BRF:72
BRH:0
end_of_record
TN:
SF:app/api/seo/save-meta/route.ts
FN:9,POST
FN:81,GET
FN:137,calculateSeoScore
FN:174,updateSitemap
FN:189,submitToSearchConsole
FNF:5
FNH:0
FNDA:0,POST
FNDA:0,GET
FNDA:0,calculateSeoScore
FNDA:0,updateSitemap
FNDA:0,submitToSearchConsole
DA:1,0
DA:2,0
DA:6,0
DA:7,0
DA:9,0
DA:10,0
DA:12,0
DA:13,0
DA:14,0
DA:20,0
DA:23,0
DA:24,0
DA:32,0
DA:54,0
DA:55,0
DA:59,0
DA:60,0
DA:63,0
DA:73,0
DA:74,0
DA:81,0
DA:82,0
DA:83,0
DA:84,0
DA:85,0
DA:87,0
DA:88,0
DA:101,0
DA:122,0
DA:128,0
DA:129,0
DA:138,0
DA:141,0
DA:142,0
DA:146,0
DA:147,0
DA:151,0
DA:152,0
DA:156,0
DA:157,0
DA:161,0
DA:162,0
DA:166,0
DA:167,0
DA:170,0
DA:175,0
DA:177,0
DA:184,0
DA:190,0
DA:191,0
DA:192,0
DA:193,0
DA:197,0
DA:213,0
LF:54
LH:0
BRDA:13,0,0,0
BRDA:13,0,1,0
BRDA:23,1,0,0
BRDA:23,1,1,0
BRDA:23,2,0,0
BRDA:23,2,1,0
BRDA:54,3,0,0
BRDA:54,3,1,0
BRDA:59,4,0,0
BRDA:59,4,1,0
BRDA:59,5,0,0
BRDA:59,5,1,0
BRDA:87,6,0,0
BRDA:87,6,1,0
BRDA:87,7,0,0
BRDA:87,7,1,0
BRDA:104,8,0,0
BRDA:104,8,1,0
BRDA:141,9,0,0
BRDA:141,9,1,0
BRDA:141,10,0,0
BRDA:141,10,1,0
BRDA:141,10,2,0
BRDA:146,11,0,0
BRDA:146,11,1,0
BRDA:146,12,0,0
BRDA:146,12,1,0
BRDA:146,12,2,0
BRDA:151,13,0,0
BRDA:151,13,1,0
BRDA:151,14,0,0
BRDA:151,14,1,0
BRDA:151,14,2,0
BRDA:156,15,0,0
BRDA:156,15,1,0
BRDA:156,16,0,0
BRDA:156,16,1,0
BRDA:161,17,0,0
BRDA:161,17,1,0
BRDA:161,18,0,0
BRDA:161,18,1,0
BRDA:166,19,0,0
BRDA:166,19,1,0
BRDA:166,20,0,0
BRDA:166,20,1,0
BRDA:191,21,0,0
BRDA:191,21,1,0
BRF:47
BRH:0
end_of_record
TN:
SF:app/api/signup/route.ts
FN:10,POST
FNF:1
FNH:0
FNDA:0,POST
DA:1,0
DA:2,0
DA:6,0
DA:7,0
DA:8,0
DA:10,0
DA:11,0
DA:12,0
DA:13,0
DA:15,0
DA:16,0
DA:23,0
DA:27,0
DA:28,0
DA:35,0
DA:38,0
DA:45,0
DA:50,0
DA:51,0
LF:19
LH:0
BRDA:15,0,0,0
BRDA:15,0,1,0
BRDA:15,1,0,0
BRDA:15,1,1,0
BRDA:27,2,0,0
BRDA:27,2,1,0
BRDA:41,3,0,0
BRDA:41,3,1,0
BRF:8
BRH:0
end_of_record
TN:
SF:app/api/sitemap/advanced/route.ts
FN:9,GET
FNF:1
FNH:0
FNDA:0,GET
DA:1,0
DA:2,0
DA:6,0
DA:7,0
DA:9,0
DA:10,0
DA:30,0
DA:32,0
DA:40,0
DA:41,0
LF:10
LH:0
BRF:0
BRH:0
end_of_record
TN:
SF:app/api/sitemap/enhanced-generate/route.ts
FN:24,GET
FN:69,POST
FN:102,generateSitemapIndex
FN:118,(anonymous_8)
FN:132,generatePagesSitemap
FN:194,generateBlogSitemap
FN:220,generateEventsSitemap
FN:239,generateRecommendationsSitemap
FN:265,generateImageSitemap
FN:289,generateVideoSitemap
FN:310,generateNewsSitemap
FN:325,generateXmlResponse
FN:349,(anonymous_17)
FN:367,(anonymous_18)
FN:374,(anonymous_19)
FN:389,(anonymous_20)
FN:415,regenerateAllSitemaps
FN:450,submitToSearchConsole
FN:492,validateSitemaps
FN:520,(anonymous_24)
FN:537,escapeXml
FNF:21
FNH:0
FNDA:0,GET
FNDA:0,POST
FNDA:0,generateSitemapIndex
FNDA:0,(anonymous_8)
FNDA:0,generatePagesSitemap
FNDA:0,generateBlogSitemap
FNDA:0,generateEventsSitemap
FNDA:0,generateRecommendationsSitemap
FNDA:0,generateImageSitemap
FNDA:0,generateVideoSitemap
FNDA:0,generateNewsSitemap
FNDA:0,generateXmlResponse
FNDA:0,(anonymous_17)
FNDA:0,(anonymous_18)
FNDA:0,(anonymous_19)
FNDA:0,(anonymous_20)
FNDA:0,regenerateAllSitemaps
FNDA:0,submitToSearchConsole
FNDA:0,validateSitemaps
FNDA:0,(anonymous_24)
FNDA:0,escapeXml
DA:1,0
DA:2,0
DA:6,0
DA:24,0
DA:25,0
DA:26,0
DA:32,0
DA:33,0
DA:34,0
DA:36,0
DA:37,0
DA:39,0
DA:41,0
DA:43,0
DA:45,0
DA:47,0
DA:49,0
DA:51,0
DA:53,0
DA:55,0
DA:61,0
DA:62,0
DA:69,0
DA:70,0
DA:71,0
DA:77,0
DA:78,0
DA:80,0
DA:82,0
DA:84,0
DA:86,0
DA:88,0
DA:94,0
DA:95,0
DA:103,0
DA:104,0
DA:106,0
DA:116,0
DA:118,0
DA:124,0
DA:133,0
DA:191,0
DA:196,0
DA:217,0
DA:222,0
DA:236,0
DA:241,0
DA:262,0
DA:267,0
DA:286,0
DA:291,0
DA:307,0
DA:312,0
DA:322,0
DA:326,0
DA:328,0
DA:330,0
DA:333,0
DA:335,0
DA:338,0
DA:340,0
DA:343,0
DA:345,0
DA:349,0
DA:350,0
DA:351,0
DA:353,0
DA:354,0
DA:357,0
DA:358,0
DA:361,0
DA:362,0
DA:366,0
DA:367,0
DA:368,0
DA:373,0
DA:374,0
DA:375,0
DA:376,0
DA:377,0
DA:378,0
DA:380,0
DA:381,0
DA:383,0
DA:388,0
DA:389,0
DA:390,0
DA:391,0
DA:392,0
DA:393,0
DA:394,0
DA:395,0
DA:396,0
DA:398,0
DA:402,0
DA:405,0
DA:407,0
DA:416,0
DA:417,0
DA:425,0
DA:427,0
DA:442,0
DA:443,0
DA:451,0
DA:452,0
DA:453,0
DA:459,0
DA:460,0
DA:463,0
DA:477,0
DA:484,0
DA:485,0
DA:493,0
DA:494,0
DA:495,0
DA:497,0
DA:499,0
DA:500,0
DA:501,0
DA:502,0
DA:504,0
DA:511,0
DA:520,0
DA:522,0
DA:529,0
DA:530,0
DA:538,0
LF:127
LH:0
BRDA:25,0,0,0
BRDA:25,0,1,0
BRDA:33,1,0,0
BRDA:33,1,1,0
BRDA:34,2,0,0
BRDA:34,2,1,0
BRDA:37,3,0,0
BRDA:37,3,1,0
BRDA:37,3,2,0
BRDA:37,3,3,0
BRDA:37,3,4,0
BRDA:37,3,5,0
BRDA:37,3,6,0
BRDA:37,3,7,0
BRDA:37,3,8,0
BRDA:70,4,0,0
BRDA:70,4,1,0
BRDA:80,5,0,0
BRDA:80,5,1,0
BRDA:80,5,2,0
BRDA:80,5,3,0
BRDA:103,6,0,0
BRDA:103,6,1,0
BRDA:325,7,0,0
BRDA:328,8,0,0
BRDA:328,8,1,0
BRDA:328,8,2,0
BRDA:328,8,3,0
BRDA:353,9,0,0
BRDA:353,9,1,0
BRDA:357,10,0,0
BRDA:357,10,1,0
BRDA:361,11,0,0
BRDA:361,11,1,0
BRDA:366,12,0,0
BRDA:366,12,1,0
BRDA:373,13,0,0
BRDA:373,13,1,0
BRDA:377,14,0,0
BRDA:377,14,1,0
BRDA:380,15,0,0
BRDA:380,15,1,0
BRDA:388,16,0,0
BRDA:388,16,1,0
BRDA:395,17,0,0
BRDA:395,17,1,0
BRDA:417,18,0,0
BRDA:417,18,1,0
BRDA:452,19,0,0
BRDA:452,19,1,0
BRDA:459,20,0,0
BRDA:459,20,1,0
BRDA:494,21,0,0
BRDA:494,21,1,0
BRDA:502,22,0,0
BRDA:502,22,1,0
BRDA:514,23,0,0
BRDA:514,23,1,0
BRDA:524,24,0,0
BRDA:524,24,1,0
BRF:60
BRH:0
end_of_record
TN:
SF:app/api/sitemap/generate/route.ts
FN:10,POST
FN:72,generateSitemapIndex
FN:85,(anonymous_6)
FN:94,generatePagesSitemap
FN:110,(anonymous_8)
FN:123,generateArticlesSitemap
FN:143,(anonymous_10)
FN:160,generateEventsSitemap
FN:167,(anonymous_12)
FN:180,generatePlacesSitemap
FN:195,(anonymous_14)
FN:212,generateNewsSitemap
FN:238,(anonymous_16)
FN:259,generateImageSitemap
FN:266,(anonymous_18)
FN:279,generateVideoSitemap
FN:286,(anonymous_20)
FN:302,generateMainSitemap
FN:307,generateEmptySitemap
FN:313,escapeXml
FN:314,(anonymous_24)
FN:326,submitToSearchConsole
FNF:22
FNH:0
FNDA:0,POST
FNDA:0,generateSitemapIndex
FNDA:0,(anonymous_6)
FNDA:0,generatePagesSitemap
FNDA:0,(anonymous_8)
FNDA:0,generateArticlesSitemap
FNDA:0,(anonymous_10)
FNDA:0,generateEventsSitemap
FNDA:0,(anonymous_12)
FNDA:0,generatePlacesSitemap
FNDA:0,(anonymous_14)
FNDA:0,generateNewsSitemap
FNDA:0,(anonymous_16)
FNDA:0,generateImageSitemap
FNDA:0,(anonymous_18)
FNDA:0,generateVideoSitemap
FNDA:0,(anonymous_20)
FNDA:0,generateMainSitemap
FNDA:0,generateEmptySitemap
FNDA:0,escapeXml
FNDA:0,(anonymous_24)
FNDA:0,submitToSearchConsole
DA:1,0
DA:2,0
DA:5,0
DA:6,0
DA:10,0
DA:11,0
DA:12,0
DA:14,0
DA:18,0
DA:20,0
DA:21,0
DA:23,0
DA:24,0
DA:26,0
DA:27,0
DA:29,0
DA:30,0
DA:32,0
DA:33,0
DA:35,0
DA:36,0
DA:38,0
DA:39,0
DA:41,0
DA:42,0
DA:44,0
DA:48,0
DA:49,0
DA:50,0
DA:52,0
DA:56,0
DA:64,0
DA:65,0
DA:73,0
DA:83,0
DA:85,0
DA:91,0
DA:96,0
DA:107,0
DA:110,0
DA:120,0
DA:124,0
DA:125,0
DA:139,0
DA:143,0
DA:153,0
DA:155,0
DA:156,0
DA:162,0
DA:164,0
DA:167,0
DA:177,0
DA:181,0
DA:182,0
DA:192,0
DA:195,0
DA:205,0
DA:207,0
DA:208,0
DA:213,0
DA:215,0
DA:216,0
DA:218,0
DA:235,0
DA:238,0
DA:252,0
DA:254,0
DA:255,0
DA:261,0
DA:263,0
DA:266,0
DA:276,0
DA:281,0
DA:283,0
DA:286,0
DA:299,0
DA:304,0
DA:308,0
DA:314,0
DA:315,0
DA:316,0
DA:317,0
DA:318,0
DA:319,0
DA:320,0
DA:321,0
DA:329,0
LF:87
LH:0
BRDA:14,0,0,0
BRDA:14,0,1,0
BRDA:18,1,0,0
BRDA:18,1,1,0
BRDA:18,1,2,0
BRDA:18,1,3,0
BRDA:18,1,4,0
BRDA:18,1,5,0
BRDA:18,1,6,0
BRDA:18,1,7,0
BRDA:18,1,8,0
BRDA:48,2,0,0
BRDA:48,2,1,0
BRDA:247,3,0,0
BRDA:247,3,1,0
BRDA:315,4,0,0
BRDA:315,4,1,0
BRDA:315,4,2,0
BRDA:315,4,3,0
BRDA:315,4,4,0
BRDA:315,4,5,0
BRF:21
BRH:0
end_of_record
TN:
SF:app/api/sitemap/xml-backup/route.ts
FN:12,GET
FNF:1
FNH:0
FNDA:0,GET
DA:1,0
DA:2,0
DA:6,0
DA:12,0
DA:13,0
LF:5
LH:0
BRF:0
BRH:0
end_of_record
TN:
SF:app/api/social-embeds/route.ts
FN:9,GET
FN:25,POST
FNF:2
FNH:0
FNDA:0,GET
FNDA:0,POST
DA:1,0
DA:2,0
DA:5,0
DA:6,0
DA:7,0
DA:9,0
DA:10,0
DA:11,0
DA:15,0
DA:17,0
DA:18,0
DA:25,0
DA:26,0
DA:27,0
DA:28,0
DA:31,0
DA:32,0
DA:33,0
DA:40,0
DA:44,0
DA:45,0
DA:52,0
DA:68,0
DA:70,0
DA:71,0
LF:25
LH:0
BRDA:32,0,0,0
BRDA:32,0,1,0
BRDA:44,1,0,0
BRDA:44,1,1,0
BRDA:60,2,0,0
BRDA:60,2,1,0
BRF:6
BRH:0
end_of_record
TN:
SF:app/api/social-embeds/[id]/route.ts
FN:8,GET
FN:34,PATCH
FN:62,DELETE
FNF:3
FNH:0
FNDA:0,GET
FNDA:0,PATCH
FNDA:0,DELETE
DA:1,0
DA:2,0
DA:5,0
DA:6,0
DA:8,0
DA:12,0
DA:13,0
DA:17,0
DA:18,0
DA:24,0
DA:26,0
DA:27,0
DA:34,0
DA:38,0
DA:39,0
DA:40,0
DA:42,0
DA:52,0
DA:54,0
DA:55,0
DA:62,0
DA:66,0
DA:67,0
DA:71,0
DA:73,0
DA:74,0
LF:26
LH:0
BRDA:17,0,0,0
BRDA:17,0,1,0
BRF:2
BRH:0
end_of_record
TN:
SF:app/api/social-embeds/[id]/track-usage/route.ts
FN:8,POST
FNF:1
FNH:0
FNDA:0,POST
DA:1,0
DA:2,0
DA:5,0
DA:6,0
DA:8,0
DA:12,0
DA:14,0
DA:24,0
DA:26,0
DA:27,0
LF:10
LH:0
BRF:0
BRH:0
end_of_record
TN:
SF:app/api/social/embed-data/route.ts
FN:9,POST
FN:56,getYouTubeData
FN:91,getInstagramData
FN:124,getTikTokData
FN:139,getFacebookData
FN:169,getGenericOEmbed
FN:186,getOEmbedData
FN:207,extractYouTubeId
FN:222,extractInstagramId
FN:228,formatYouTubeDuration
FN:244,formatNumber
FNF:11
FNH:0
FNDA:0,POST
FNDA:0,getYouTubeData
FNDA:0,getInstagramData
FNDA:0,getTikTokData
FNDA:0,getFacebookData
FNDA:0,getGenericOEmbed
FNDA:0,getOEmbedData
FNDA:0,extractYouTubeId
FNDA:0,extractInstagramId
FNDA:0,formatYouTubeDuration
FNDA:0,formatNumber
DA:1,0
DA:2,0
DA:5,0
DA:9,0
DA:10,0
DA:11,0
DA:13,0
DA:14,0
DA:22,0
DA:24,0
DA:25,0
DA:27,0
DA:28,0
DA:30,0
DA:31,0
DA:33,0
DA:34,0
DA:36,0
DA:39,0
DA:45,0
DA:46,0
DA:57,0
DA:58,0
DA:61,0
DA:62,0
DA:63,0
DA:64,0
DA:68,0
DA:69,0
DA:71,0
DA:72,0
DA:83,0
DA:88,0
DA:93,0
DA:95,0
DA:96,0
DA:98,0
DA:99,0
DA:100,0
DA:104,0
DA:106,0
DA:116,0
DA:121,0
DA:125,0
DA:127,0
DA:130,0
DA:140,0
DA:142,0
DA:143,0
DA:145,0
DA:149,0
DA:150,0
DA:157,0
DA:161,0
DA:171,0
DA:175,0
DA:176,0
DA:177,0
DA:179,0
DA:183,0
DA:187,0
DA:189,0
DA:190,0
DA:193,0
DA:195,0
DA:208,0
DA:214,0
DA:215,0
DA:216,0
DA:219,0
DA:223,0
DA:224,0
DA:225,0
DA:230,0
DA:231,0
DA:233,0
DA:234,0
DA:235,0
DA:237,0
DA:238,0
DA:240,0
DA:245,0
DA:246,0
DA:247,0
DA:248,0
LF:85
LH:0
BRDA:13,0,0,0
BRDA:13,0,1,0
BRDA:13,1,0,0
BRDA:13,1,1,0
BRDA:22,2,0,0
BRDA:22,2,1,0
BRDA:22,2,2,0
BRDA:22,2,3,0
BRDA:22,2,4,0
BRDA:49,3,0,0
BRDA:49,3,1,0
BRDA:58,4,0,0
BRDA:58,4,1,0
BRDA:62,5,0,0
BRDA:62,5,1,0
BRDA:71,6,0,0
BRDA:71,6,1,0
BRDA:75,7,0,0
BRDA:75,7,1,0
BRDA:95,8,0,0
BRDA:95,8,1,0
BRDA:99,9,0,0
BRDA:99,9,1,0
BRDA:107,10,0,0
BRDA:107,10,1,0
BRDA:109,11,0,0
BRDA:109,11,1,0
BRDA:142,12,0,0
BRDA:142,12,1,0
BRDA:151,13,0,0
BRDA:151,13,1,0
BRDA:189,14,0,0
BRDA:189,14,1,0
BRDA:196,15,0,0
BRDA:196,15,1,0
BRDA:197,16,0,0
BRDA:197,16,1,0
BRDA:198,17,0,0
BRDA:198,17,1,0
BRDA:199,18,0,0
BRDA:199,18,1,0
BRDA:199,18,2,0
BRDA:216,19,0,0
BRDA:216,19,1,0
BRDA:225,20,0,0
BRDA:225,20,1,0
BRDA:231,21,0,0
BRDA:231,21,1,0
BRDA:233,22,0,0
BRDA:233,22,1,0
BRDA:234,23,0,0
BRDA:234,23,1,0
BRDA:235,24,0,0
BRDA:235,24,1,0
BRDA:237,25,0,0
BRDA:237,25,1,0
BRDA:245,26,0,0
BRDA:245,26,1,0
BRDA:246,27,0,0
BRDA:246,27,1,0
BRDA:247,28,0,0
BRDA:247,28,1,0
BRF:62
BRH:0
end_of_record
TN:
SF:app/api/social/generate-reel-script/route.ts
FN:8,POST
FN:53,(anonymous_5)
FN:57,(anonymous_6)
FN:59,(anonymous_7)
FNF:4
FNH:0
FNDA:0,POST
FNDA:0,(anonymous_5)
FNDA:0,(anonymous_6)
FNDA:0,(anonymous_7)
DA:1,0
DA:2,0
DA:6,0
DA:8,0
DA:9,0
DA:10,0
DA:12,0
DA:13,0
DA:20,0
DA:45,0
DA:46,0
DA:48,0
DA:49,0
DA:53,0
DA:55,0
DA:57,0
DA:59,0
DA:73,0
DA:79,0
DA:81,0
LF:20
LH:0
BRDA:10,0,0,0
BRDA:12,1,0,0
BRDA:12,1,1,0
BRDA:31,2,0,0
BRDA:31,2,1,0
BRDA:48,3,0,0
BRDA:48,3,1,0
BRDA:57,4,0,0
BRDA:57,4,1,0
BRDA:57,4,2,0
BRDA:59,5,0,0
BRDA:59,5,1,0
BRDA:59,6,0,0
BRDA:59,6,1,0
BRDA:67,7,0,0
BRDA:67,7,1,0
BRDA:68,8,0,0
BRDA:68,8,1,0
BRF:18
BRH:0
end_of_record
TN:
SF:app/api/social/instagram-feed/route.ts
FN:9,GET
FNF:1
FNH:0
FNDA:0,GET
DA:1,0
DA:2,0
DA:6,0
DA:7,0
DA:9,0
DA:10,0
DA:11,0
DA:12,0
DA:14,0
DA:16,0
DA:17,0
DA:23,0
DA:30,0
DA:32,0
LF:14
LH:0
BRDA:12,0,0,0
BRDA:12,0,1,0
BRDA:16,1,0,0
BRDA:16,1,1,0
BRF:4
BRH:0
end_of_record
TN:
SF:app/api/test-content-generation/route.ts
FN:9,GET
FN:76,POST
FNF:2
FNH:0
FNDA:0,GET
FNDA:0,POST
DA:1,0
DA:2,0
DA:5,0
DA:9,0
DA:10,0
DA:11,0
DA:14,0
DA:15,0
DA:16,0
DA:22,0
DA:25,0
DA:48,0
DA:49,0
DA:55,0
DA:56,0
DA:58,0
DA:67,0
DA:68,0
DA:76,0
DA:77,0
DA:78,0
DA:80,0
DA:94,0
DA:96,0
DA:103,0
LF:25
LH:0
BRDA:15,0,0,0
BRDA:15,0,1,0
BRDA:48,1,0,0
BRDA:48,1,1,0
BRDA:70,2,0,0
BRDA:70,2,1,0
BRDA:105,3,0,0
BRDA:105,3,1,0
BRF:8
BRH:0
end_of_record
TN:
SF:app/api/webhooks/stripe/route.ts
FN:10,POST
FN:52,handleSuccessfulPayment
FN:71,(anonymous_9)
FN:98,handleFailedPayment
FNF:4
FNH:0
FNDA:0,POST
FNDA:0,handleSuccessfulPayment
FNDA:0,(anonymous_9)
FNDA:0,handleFailedPayment
DA:1,0
DA:2,0
DA:6,0
DA:7,0
DA:10,0
DA:11,0
DA:12,0
DA:14,0
DA:15,0
DA:21,0
DA:26,0
DA:28,0
DA:30,0
DA:31,0
DA:34,0
DA:35,0
DA:38,0
DA:41,0
DA:44,0
DA:45,0
DA:53,0
DA:54,0
DA:55,0
DA:56,0
DA:57,0
DA:59,0
DA:67,0
DA:70,0
DA:71,0
DA:72,0
DA:74,0
DA:75,0
DA:94,0
DA:99,0
DA:100,0
DA:101,0
DA:103,0
DA:110,0
LF:38
LH:0
BRDA:14,0,0,0
BRDA:14,0,1,0
BRDA:14,1,0,0
BRDA:14,1,1,0
BRDA:28,2,0,0
BRDA:28,2,1,0
BRDA:28,2,2,0
BRDA:70,3,0,0
BRDA:70,3,1,0
BRF:9
BRH:0
end_of_record
TN:
SF:app/blog/page.tsx
FN:82,BlogPage
FN:84,(anonymous_3)
FN:89,(anonymous_4)
FN:93,(anonymous_5)
FN:104,(anonymous_6)
FN:119,(anonymous_7)
FN:175,(anonymous_8)
FN:185,(anonymous_9)
FN:204,(anonymous_10)
FNF:9
FNH:0
FNDA:0,BlogPage
FNDA:0,(anonymous_3)
FNDA:0,(anonymous_4)
FNDA:0,(anonymous_5)
FNDA:0,(anonymous_6)
FNDA:0,(anonymous_7)
FNDA:0,(anonymous_8)
FNDA:0,(anonymous_9)
FNDA:0,(anonymous_10)
DA:4,0
DA:5,0
DA:6,0
DA:7,0
DA:8,0
DA:9,0
DA:10,0
DA:11,0
DA:12,0
DA:13,0
DA:14,0
DA:16,0
DA:24,0
DA:82,0
DA:83,0
DA:84,0
DA:85,0
DA:86,0
DA:87,0
DA:89,0
DA:90,0
DA:92,0
DA:93,0
DA:94,0
DA:103,0
DA:104,0
DA:107,0
DA:110,0
DA:119,0
DA:120,0
DA:121,0
DA:122,0
DA:128,0
DA:175,0
DA:186,0
DA:205,0
LF:36
LH:0
BRDA:92,0,0,0
BRDA:92,0,1,0
BRDA:94,1,0,0
BRDA:94,1,1,0
BRDA:94,2,0,0
BRDA:94,2,1,0
BRDA:97,3,0,0
BRDA:97,3,1,0
BRDA:103,4,0,0
BRDA:103,4,1,0
BRDA:111,5,0,0
BRDA:111,5,1,0
BRDA:121,6,0,0
BRDA:121,6,1,0
BRDA:137,7,0,0
BRDA:137,7,1,0
BRDA:151,8,0,0
BRDA:151,8,1,0
BRDA:173,9,0,0
BRDA:173,9,1,0
BRDA:194,10,0,0
BRDA:194,10,1,0
BRDA:216,11,0,0
BRDA:216,11,1,0
BRDA:234,12,0,0
BRDA:234,12,1,0
BRDA:238,13,0,0
BRDA:238,13,1,0
BRDA:241,14,0,0
BRDA:241,14,1,0
BRDA:246,15,0,0
BRDA:246,15,1,0
BRDA:255,16,0,0
BRDA:263,17,0,0
BRDA:263,17,1,0
BRF:35
BRH:0
end_of_record
TN:
SF:app/blog/[slug]/page.tsx
FN:56,BlogPostPage
FN:58,(anonymous_3)
FN:62,(anonymous_4)
FN:79,(anonymous_5)
FN:167,(anonymous_6)
FN:204,(anonymous_7)
FNF:6
FNH:0
FNDA:0,BlogPostPage
FNDA:0,(anonymous_3)
FNDA:0,(anonymous_4)
FNDA:0,(anonymous_5)
FNDA:0,(anonymous_6)
FNDA:0,(anonymous_7)
DA:4,0
DA:5,0
DA:6,0
DA:7,0
DA:8,0
DA:9,0
DA:10,0
DA:11,0
DA:12,0
DA:14,0
DA:56,0
DA:57,0
DA:58,0
DA:59,0
DA:60,0
DA:62,0
DA:63,0
DA:64,0
DA:65,0
DA:71,0
DA:79,0
DA:80,0
DA:81,0
DA:82,0
DA:88,0
DA:92,0
DA:167,0
DA:205,0
LF:28
LH:0
BRDA:64,0,0,0
BRDA:64,0,1,0
BRDA:80,1,0,0
BRDA:80,1,1,0
BRDA:83,2,0,0
BRDA:83,2,1,0
BRDA:84,3,0,0
BRDA:84,3,1,0
BRDA:97,4,0,0
BRDA:97,4,1,0
BRDA:103,5,0,0
BRDA:103,5,1,0
BRDA:124,6,0,0
BRDA:124,6,1,0
BRDA:133,7,0,0
BRDA:133,7,1,0
BRDA:137,8,0,0
BRDA:137,8,1,0
BRDA:158,9,0,0
BRDA:158,9,1,0
BRDA:159,10,0,0
BRDA:159,10,1,0
BRDA:168,11,0,0
BRDA:168,11,1,0
BRDA:170,12,0,0
BRDA:170,12,1,0
BRDA:183,13,0,0
BRDA:183,13,1,0
BRDA:200,14,0,0
BRDA:200,14,1,0
BRDA:224,15,0,0
BRDA:224,15,1,0
BRDA:230,16,0,0
BRDA:230,16,1,0
BRDA:238,17,0,0
BRDA:238,17,1,0
BRF:36
BRH:0
end_of_record
TN:
SF:app/brand-showcase/page.tsx
FN:6,BrandShowcasePage
FNF:1
FNH:0
FNDA:0,BrandShowcasePage
DA:1,0
DA:2,0
DA:4,0
DA:6,0
DA:14,0
LF:5
LH:0
BRF:0
BRH:0
end_of_record
TN:
SF:app/contact/page.tsx
FN:15,ContactPage
FN:17,(anonymous_2)
FN:21,(anonymous_3)
FN:26,(anonymous_4)
FN:52,(anonymous_5)
FN:228,(anonymous_6)
FN:239,(anonymous_7)
FNF:7
FNH:0
FNDA:0,ContactPage
FNDA:0,(anonymous_2)
FNDA:0,(anonymous_3)
FNDA:0,(anonymous_4)
FNDA:0,(anonymous_5)
FNDA:0,(anonymous_6)
FNDA:0,(anonymous_7)
DA:4,0
DA:5,0
DA:6,0
DA:7,0
DA:8,0
DA:9,0
DA:10,0
DA:11,0
DA:12,0
DA:13,0
DA:15,0
DA:16,0
DA:17,0
DA:18,0
DA:19,0
DA:21,0
DA:22,0
DA:23,0
DA:26,0
DA:27,0
DA:28,0
DA:32,0
DA:52,0
DA:229,0
DA:230,0
DA:240,0
DA:241,0
LF:27
LH:0
BRDA:32,0,0,0
BRDA:32,0,1,0
BRDA:44,1,0,0
BRDA:44,1,1,0
BRDA:47,2,0,0
BRDA:47,2,1,0
BRDA:53,3,0,0
BRDA:53,3,1,0
BRDA:61,4,0,0
BRDA:61,4,1,0
BRDA:70,5,0,0
BRDA:70,5,1,0
BRDA:73,6,0,0
BRDA:73,6,1,0
BRDA:90,7,0,0
BRDA:90,7,1,0
BRDA:98,8,0,0
BRDA:98,8,1,0
BRDA:104,9,0,0
BRDA:104,9,1,0
BRDA:112,10,0,0
BRDA:112,10,1,0
BRDA:119,11,0,0
BRDA:119,11,1,0
BRDA:126,12,0,0
BRDA:126,12,1,0
BRDA:132,13,0,0
BRDA:132,13,1,0
BRDA:141,14,0,0
BRDA:141,14,1,0
BRDA:142,15,0,0
BRDA:142,15,1,0
BRDA:143,16,0,0
BRDA:143,16,1,0
BRDA:161,17,0,0
BRDA:161,17,1,0
BRDA:171,18,0,0
BRDA:171,18,1,0
BRDA:184,19,0,0
BRDA:184,19,1,0
BRDA:188,20,0,0
BRDA:188,20,1,0
BRDA:199,21,0,0
BRDA:199,21,1,0
BRDA:202,22,0,0
BRDA:202,22,1,0
BRDA:216,23,0,0
BRDA:216,23,1,0
BRDA:219,24,0,0
BRDA:219,24,1,0
BRDA:229,25,0,0
BRDA:229,25,1,0
BRDA:230,26,0,0
BRDA:230,26,1,0
BRDA:240,27,0,0
BRDA:240,27,1,0
BRDA:241,28,0,0
BRDA:241,28,1,0
BRF:58
BRH:0
end_of_record
TN:
SF:app/events/page.tsx
FN:131,EventsPage
FN:133,(anonymous_3)
FN:142,(anonymous_4)
FN:214,(anonymous_5)
FN:274,(anonymous_6)
FNF:5
FNH:0
FNDA:0,EventsPage
FNDA:0,(anonymous_3)
FNDA:0,(anonymous_4)
FNDA:0,(anonymous_5)
FNDA:0,(anonymous_6)
DA:4,0
DA:5,0
DA:6,0
DA:7,0
DA:8,0
DA:9,0
DA:10,0
DA:11,0
DA:12,0
DA:14,0
DA:131,0
DA:132,0
DA:133,0
DA:135,0
DA:142,0
DA:143,0
DA:144,0
DA:215,0
DA:275,0
DA:276,0
LF:20
LH:0
BRDA:144,0,0,0
BRDA:144,0,1,0
BRDA:160,1,0,0
BRDA:160,1,1,0
BRDA:181,2,0,0
BRDA:181,2,1,0
BRDA:184,3,0,0
BRDA:184,3,1,0
BRDA:203,4,0,0
BRDA:203,4,1,0
BRDA:206,5,0,0
BRDA:206,5,1,0
BRDA:232,6,0,0
BRDA:232,6,1,0
BRDA:275,7,0,0
BRDA:275,7,1,0
BRDA:280,8,0,0
BRDA:280,8,1,0
BRDA:281,9,0,0
BRDA:281,9,1,0
BRDA:302,10,0,0
BRDA:302,10,1,0
BRDA:308,11,0,0
BRDA:308,11,1,0
BRDA:316,12,0,0
BRDA:316,12,1,0
BRDA:317,13,0,0
BRDA:317,13,1,0
BRDA:322,14,0,0
BRDA:322,14,1,0
BRDA:323,15,0,0
BRDA:323,15,1,0
BRF:32
BRH:0
end_of_record
TN:
SF:app/recommendations/page.tsx
FN:91,RecommendationsPage
FN:93,(anonymous_3)
FN:99,(anonymous_4)
FN:103,(anonymous_5)
FN:114,(anonymous_6)
FN:118,(anonymous_7)
FN:138,(anonymous_8)
FN:190,(anonymous_9)
FN:200,(anonymous_10)
FN:212,(anonymous_11)
FN:231,(anonymous_12)
FN:288,(anonymous_13)
FN:301,(anonymous_14)
FNF:13
FNH:0
FNDA:0,RecommendationsPage
FNDA:0,(anonymous_3)
FNDA:0,(anonymous_4)
FNDA:0,(anonymous_5)
FNDA:0,(anonymous_6)
FNDA:0,(anonymous_7)
FNDA:0,(anonymous_8)
FNDA:0,(anonymous_9)
FNDA:0,(anonymous_10)
FNDA:0,(anonymous_11)
FNDA:0,(anonymous_12)
FNDA:0,(anonymous_13)
FNDA:0,(anonymous_14)
DA:4,0
DA:5,0
DA:6,0
DA:7,0
DA:8,0
DA:9,0
DA:10,0
DA:11,0
DA:12,0
DA:13,0
DA:14,0
DA:16,0
DA:91,0
DA:92,0
DA:93,0
DA:94,0
DA:95,0
DA:96,0
DA:97,0
DA:99,0
DA:100,0
DA:102,0
DA:103,0
DA:104,0
DA:113,0
DA:114,0
DA:117,0
DA:118,0
DA:121,0
DA:124,0
DA:131,0
DA:138,0
DA:139,0
DA:140,0
DA:141,0
DA:148,0
DA:190,0
DA:201,0
DA:213,0
DA:232,0
DA:289,0
DA:302,0
DA:303,0
LF:43
LH:0
BRDA:102,0,0,0
BRDA:102,0,1,0
BRDA:104,1,0,0
BRDA:104,1,1,0
BRDA:104,2,0,0
BRDA:104,2,1,0
BRDA:107,3,0,0
BRDA:107,3,1,0
BRDA:113,4,0,0
BRDA:113,4,1,0
BRDA:117,5,0,0
BRDA:117,5,1,0
BRDA:125,6,0,0
BRDA:125,6,1,0
BRDA:132,7,0,0
BRDA:132,7,1,0
BRDA:144,8,0,0
BRDA:144,8,1,0
BRDA:152,9,0,0
BRDA:152,9,1,0
BRDA:166,10,0,0
BRDA:166,10,1,0
BRDA:188,11,0,0
BRDA:188,11,1,0
BRDA:221,12,0,0
BRDA:221,12,1,0
BRDA:243,13,0,0
BRDA:243,13,1,0
BRDA:249,14,0,0
BRDA:249,14,1,0
BRDA:249,15,0,0
BRDA:249,15,1,0
BRDA:260,16,0,0
BRDA:260,16,1,0
BRDA:279,17,0,0
BRDA:279,17,1,0
BRDA:284,18,0,0
BRDA:284,18,1,0
BRDA:288,19,0,0
BRDA:288,19,1,0
BRDA:296,20,0,0
BRDA:302,21,0,0
BRDA:302,21,1,0
BRDA:308,22,0,0
BRDA:308,22,1,0
BRDA:311,23,0,0
BRDA:315,24,0,0
BRDA:315,24,1,0
BRDA:326,25,0,0
BRDA:334,26,0,0
BRDA:334,26,1,0
BRF:51
BRH:0
end_of_record
TN:
SF:components/admin-auth.tsx
FN:16,AdminAuth
FN:23,(anonymous_4)
FN:31,(anonymous_5)
FN:49,(anonymous_6)
FN:84,(anonymous_7)
FN:93,(anonymous_8)
FN:136,AdminLogoutButton
FNF:7
FNH:0
FNDA:0,AdminAuth
FNDA:0,(anonymous_4)
FNDA:0,(anonymous_5)
FNDA:0,(anonymous_6)
FNDA:0,(anonymous_7)
FNDA:0,(anonymous_8)
FNDA:0,AdminLogoutButton
DA:4,0
DA:5,0
DA:6,0
DA:7,0
DA:8,0
DA:9,0
DA:10,0
DA:16,0
DA:17,0
DA:18,0
DA:19,0
DA:20,0
DA:21,0
DA:23,0
DA:25,0
DA:26,0
DA:27,0
DA:31,0
DA:32,0
DA:33,0
DA:34,0
DA:37,0
DA:39,0
DA:40,0
DA:41,0
DA:43,0
DA:46,0
DA:49,0
DA:50,0
DA:51,0
DA:52,0
DA:84,0
DA:93,0
DA:136,0
DA:137,0
LF:35
LH:0
BRDA:26,0,0,0
BRDA:26,0,1,0
BRDA:37,1,0,0
BRDA:37,1,1,0
BRDA:39,2,0,0
BRDA:39,2,1,0
BRDA:43,3,0,0
BRDA:43,3,1,0
BRDA:63,4,0,0
BRDA:63,4,1,0
BRDA:66,5,0,0
BRDA:66,5,1,0
BRDA:77,6,0,0
BRDA:77,6,1,0
BRDA:82,7,0,0
BRDA:82,7,1,0
BRDA:85,8,0,0
BRDA:85,8,1,0
BRDA:96,9,0,0
BRDA:104,10,0,0
BRDA:115,11,0,0
BRDA:115,11,1,0
BRDA:116,12,0,0
BRDA:116,12,1,0
BRDA:117,13,0,0
BRDA:117,13,1,0
BRDA:124,14,0,0
BRDA:124,14,1,0
BRDA:146,15,0,0
BRDA:146,15,1,0
BRF:30
BRH:0
end_of_record
TN:
SF:components/analytics-tracker.tsx
FN:9,AnalyticsTracker
FN:14,(anonymous_10)
FN:33,(anonymous_11)
FN:35,(anonymous_12)
FN:45,(anonymous_13)
FN:59,(anonymous_14)
FN:81,trackNewsletterSignup
FN:89,trackBookingFlow
FN:97,trackLanguageSwitch
FN:102,trackInternalSearch
FNF:10
FNH:0
FNDA:0,AnalyticsTracker
FNDA:0,(anonymous_10)
FNDA:0,(anonymous_11)
FNDA:0,(anonymous_12)
FNDA:0,(anonymous_13)
FNDA:0,(anonymous_14)
FNDA:0,trackNewsletterSignup
FNDA:0,trackBookingFlow
FNDA:0,trackLanguageSwitch
FNDA:0,trackInternalSearch
DA:4,0
DA:5,0
DA:6,0
DA:7,0
DA:9,0
DA:10,0
DA:11,0
DA:12,0
DA:14,0
DA:16,0
DA:19,0
DA:22,0
DA:23,0
DA:24,0
DA:33,0
DA:35,0
DA:36,0
DA:37,0
DA:38,0
DA:39,0
DA:40,0
DA:41,0
DA:42,0
DA:45,0
DA:46,0
DA:47,0
DA:48,0
DA:49,0
DA:50,0
DA:51,0
DA:55,0
DA:58,0
DA:59,0
DA:62,0
DA:64,0
DA:77,0
DA:81,0
DA:82,0
DA:85,0
DA:89,0
DA:93,0
DA:97,0
DA:98,0
DA:102,0
DA:103,0
LF:45
LH:0
BRDA:23,0,0,0
BRDA:23,0,1,0
BRDA:36,1,0,0
BRDA:36,1,1,0
BRDA:36,2,0,0
BRDA:36,2,1,0
BRDA:37,3,0,0
BRDA:37,3,1,0
BRDA:38,4,0,0
BRDA:38,4,1,0
BRDA:39,5,0,0
BRDA:39,5,1,0
BRDA:40,6,0,0
BRDA:40,6,1,0
BRDA:41,7,0,0
BRDA:41,7,1,0
BRDA:46,8,0,0
BRDA:46,8,1,0
BRDA:47,9,0,0
BRDA:47,9,1,0
BRDA:48,10,0,0
BRDA:48,10,1,0
BRDA:49,11,0,0
BRDA:49,11,1,0
BRDA:50,12,0,0
BRDA:50,12,1,0
BRDA:58,13,0,0
BRDA:58,13,1,0
BRF:28
BRH:0
end_of_record
TN:
SF:components/brand-showcase.tsx
FN:10,BrandShowcase
FN:14,(anonymous_2)
FN:76,(anonymous_3)
FN:84,(anonymous_4)
FN:108,(anonymous_5)
FNF:5
FNH:0
FNDA:0,BrandShowcase
FNDA:0,(anonymous_2)
FNDA:0,(anonymous_3)
FNDA:0,(anonymous_4)
FNDA:0,(anonymous_5)
DA:4,0
DA:5,0
DA:6,0
DA:7,0
DA:8,0
DA:10,0
DA:11,0
DA:12,0
DA:14,0
DA:16,0
DA:17,0
DA:77,0
DA:84,0
DA:109,0
DA:110,0
LF:15
LH:0
BRDA:52,0,0,0
BRDA:52,0,1,0
BRDA:58,1,0,0
BRDA:58,1,1,0
BRDA:80,2,0,0
BRDA:80,2,1,0
BRDA:106,3,0,0
BRDA:106,3,1,0
BRDA:113,4,0,0
BRDA:113,4,1,0
BRF:10
BRH:0
end_of_record
TN:
SF:components/brand-theme-provider.tsx
FN:11,BrandThemeProvider
FN:12,(anonymous_2)
FN:34,(anonymous_3)
FNF:3
FNH:0
FNDA:0,BrandThemeProvider
FNDA:0,(anonymous_2)
FNDA:0,(anonymous_3)
DA:4,0
DA:5,0
DA:11,0
DA:12,0
DA:14,0
DA:15,0
DA:16,0
DA:19,0
DA:22,0
DA:23,0
DA:24,0
DA:28,0
DA:29,0
DA:30,0
DA:34,0
DA:35,0
LF:16
LH:0
BRDA:23,0,0,0
BRDA:23,0,1,0
BRDA:29,1,0,0
BRDA:29,1,1,0
BRF:4
BRH:0
end_of_record
TN:
SF:components/dynamic-header.tsx
FN:11,DynamicHeader
FN:17,(anonymous_3)
FN:43,(anonymous_4)
FN:51,(anonymous_5)
FN:54,(anonymous_6)
FN:80,(anonymous_7)
FN:91,(anonymous_8)
FN:96,(anonymous_9)
FN:105,(anonymous_10)
FNF:9
FNH:0
FNDA:0,DynamicHeader
FNDA:0,(anonymous_3)
FNDA:0,(anonymous_4)
FNDA:0,(anonymous_5)
FNDA:0,(anonymous_6)
FNDA:0,(anonymous_7)
FNDA:0,(anonymous_8)
FNDA:0,(anonymous_9)
FNDA:0,(anonymous_10)
DA:4,0
DA:5,0
DA:6,0
DA:7,0
DA:8,0
DA:9,0
DA:11,0
DA:12,0
DA:13,0
DA:14,0
DA:15,0
DA:17,0
DA:18,0
DA:44,0
DA:52,0
DA:55,0
DA:80,0
DA:92,0
DA:96,0
DA:106,0
DA:107,0
LF:21
LH:0
BRDA:18,0,0,0
BRDA:18,0,1,0
BRDA:58,1,0,0
BRDA:58,1,1,0
BRDA:72,2,0,0
BRDA:72,2,1,0
BRDA:82,3,0,0
BRDA:88,4,0,0
BRDA:98,5,0,0
BRDA:98,5,1,0
BRDA:112,6,0,0
BRDA:112,6,1,0
BRF:12
BRH:0
end_of_record
TN:
SF:components/enhanced-metadata.tsx
FN:20,generateEnhancedMetadata
FN:75,(anonymous_6)
FN:114,generateArticleMetadata
FN:172,generateEventMetadata
FN:239,generatePlaceMetadata
FNF:5
FNH:0
FNDA:0,generateEnhancedMetadata
FNDA:0,(anonymous_6)
FNDA:0,generateArticleMetadata
FNDA:0,generateEventMetadata
FNDA:0,generatePlaceMetadata
DA:3,0
DA:20,0
DA:34,0
DA:35,0
DA:36,0
DA:38,0
DA:40,0
DA:75,0
DA:114,0
DA:130,0
DA:146,0
DA:148,0
DA:152,0
DA:168,0
DA:172,0
DA:195,0
DA:208,0
DA:209,0
DA:213,0
DA:235,0
DA:239,0
DA:263,0
DA:274,0
DA:275,0
DA:279,0
DA:300,0
LF:26
LH:0
BRDA:24,0,0,0
BRDA:25,1,0,0
BRDA:28,2,0,0
BRDA:29,3,0,0
BRDA:32,4,0,0
BRDA:34,5,0,0
BRDA:34,5,1,0
BRDA:35,6,0,0
BRDA:35,6,1,0
BRDA:36,7,0,0
BRDA:36,7,1,0
BRDA:38,8,0,0
BRDA:38,8,1,0
BRDA:47,9,0,0
BRDA:47,9,1,0
BRDA:60,10,0,0
BRDA:60,10,1,0
BRDA:68,11,0,0
BRDA:68,11,1,0
BRDA:69,12,0,0
BRDA:69,12,1,0
BRDA:72,13,0,0
BRDA:72,13,1,0
BRDA:87,14,0,0
BRDA:87,14,1,0
BRDA:118,15,0,0
BRDA:121,16,0,0
BRDA:122,17,0,0
BRDA:123,18,0,0
BRDA:146,19,0,0
BRDA:146,19,1,0
BRDA:149,20,0,0
BRDA:149,20,1,0
BRDA:157,21,0,0
BRDA:157,21,1,0
BRDA:176,22,0,0
BRDA:181,23,0,0
BRDA:182,24,0,0
BRDA:208,25,0,0
BRDA:208,25,1,0
BRDA:210,26,0,0
BRDA:210,26,1,0
BRDA:219,27,0,0
BRDA:219,27,1,0
BRDA:220,28,0,0
BRDA:220,28,1,0
BRDA:224,29,0,0
BRDA:224,29,1,0
BRDA:225,30,0,0
BRDA:225,30,1,0
BRDA:226,31,0,0
BRDA:226,31,1,0
BRDA:243,32,0,0
BRDA:250,33,0,0
BRDA:251,34,0,0
BRDA:274,35,0,0
BRDA:274,35,1,0
BRDA:276,36,0,0
BRDA:276,36,1,0
BRDA:289,37,0,0
BRDA:289,37,1,0
BRF:61
BRH:0
end_of_record
TN:
SF:components/footer.tsx
FN:7,Footer
FN:9,(anonymous_2)
FNF:2
FNH:0
FNDA:0,Footer
FNDA:0,(anonymous_2)
DA:4,0
DA:5,0
DA:7,0
DA:8,0
DA:9,0
LF:5
LH:0
BRDA:12,0,0,0
BRDA:12,0,1,0
BRF:2
BRH:0
end_of_record
TN:
SF:components/header.tsx
FN:12,Header
FN:14,(anonymous_3)
FN:25,(anonymous_4)
FN:29,(anonymous_5)
FN:46,(anonymous_6)
FN:84,(anonymous_7)
FNF:6
FNH:0
FNDA:0,Header
FNDA:0,(anonymous_3)
FNDA:0,(anonymous_4)
FNDA:0,(anonymous_5)
FNDA:0,(anonymous_6)
FNDA:0,(anonymous_7)
DA:4,0
DA:5,0
DA:6,0
DA:7,0
DA:8,0
DA:9,0
DA:10,0
DA:12,0
DA:13,0
DA:14,0
DA:15,0
DA:17,0
DA:25,0
DA:26,0
DA:29,0
DA:30,0
DA:47,0
DA:85,0
LF:18
LH:0
BRDA:34,0,0,0
BRDA:34,0,1,0
BRDA:69,1,0,0
BRDA:69,1,1,0
BRDA:72,2,0,0
BRDA:81,3,0,0
BRF:6
BRH:0
end_of_record
TN:
SF:components/language-provider.tsx
FN:15,LanguageProvider
FN:19,(anonymous_4)
FN:27,(anonymous_5)
FN:48,useLanguage
FNF:4
FNH:0
FNDA:0,LanguageProvider
FNDA:0,(anonymous_4)
FNDA:0,(anonymous_5)
FNDA:0,useLanguage
DA:4,0
DA:13,0
DA:15,0
DA:16,0
DA:17,0
DA:19,0
DA:20,0
DA:21,0
DA:22,0
DA:24,0
DA:27,0
DA:28,0
DA:29,0
DA:30,0
DA:31,0
DA:35,0
DA:37,0
DA:38,0
DA:48,0
DA:49,0
DA:50,0
DA:51,0
DA:53,0
LF:23
LH:0
BRDA:21,0,0,0
BRDA:21,0,1,0
BRDA:21,1,0,0
BRDA:21,1,1,0
BRDA:21,1,2,0
BRDA:28,2,0,0
BRDA:28,2,1,0
BRDA:30,3,0,0
BRDA:30,3,1,0
BRDA:37,4,0,0
BRDA:37,4,1,0
BRDA:50,5,0,0
BRDA:50,5,1,0
BRF:13
BRH:0
end_of_record
TN:
SF:components/language-switcher.tsx
FN:8,LanguageSwitcher
FN:11,(anonymous_2)
FNF:2
FNH:0
FNDA:0,LanguageSwitcher
FNDA:0,(anonymous_2)
DA:4,0
DA:5,0
DA:6,0
DA:8,0
DA:9,0
DA:11,0
DA:12,0
LF:7
LH:0
BRDA:12,0,0,0
BRDA:12,0,1,0
BRDA:24,1,0,0
BRDA:24,1,1,0
BRF:4
BRH:0
end_of_record
TN:
SF:components/newsletter-signup.tsx
FN:13,NewsletterSignup
FN:15,(anonymous_2)
FN:20,(anonymous_3)
FN:106,(anonymous_4)
FNF:4
FNH:0
FNDA:0,NewsletterSignup
FNDA:0,(anonymous_2)
FNDA:0,(anonymous_3)
FNDA:0,(anonymous_4)
DA:4,0
DA:5,0
DA:6,0
DA:7,0
DA:8,0
DA:9,0
DA:10,0
DA:11,0
DA:13,0
DA:14,0
DA:15,0
DA:16,0
DA:17,0
DA:18,0
DA:20,0
DA:21,0
DA:22,0
DA:24,0
DA:26,0
DA:27,0
DA:37,0
DA:39,0
DA:40,0
DA:42,0
DA:46,0
DA:48,0
DA:52,0
DA:106,0
LF:28
LH:0
BRDA:22,0,0,0
BRDA:22,0,1,0
BRDA:39,1,0,0
BRDA:39,1,1,0
BRDA:52,2,0,0
BRDA:52,2,1,0
BRDA:63,3,0,0
BRDA:63,3,1,0
BRDA:66,4,0,0
BRDA:66,4,1,0
BRDA:84,5,0,0
BRDA:84,5,1,0
BRDA:90,6,0,0
BRDA:90,6,1,0
BRDA:104,7,0,0
BRDA:104,7,1,0
BRDA:116,8,0,0
BRDA:116,8,1,0
BRDA:117,9,0,0
BRDA:117,9,1,0
BRDA:118,10,0,0
BRDA:118,10,1,0
BRDA:124,11,0,0
BRDA:124,11,1,0
BRF:24
BRH:0
end_of_record
TN:
SF:components/session-provider.tsx
FN:10,NextAuthSessionProvider
FNF:1
FNH:0
FNDA:0,NextAuthSessionProvider
DA:4,0
DA:10,0
LF:2
LH:0
BRF:0
BRH:0
end_of_record
TN:
SF:components/structured-data.tsx
FN:10,StructuredData
FN:12,(anonymous_2)
FN:63,(anonymous_3)
FN:86,(anonymous_4)
FN:109,(anonymous_5)
FN:132,(anonymous_6)
FN:159,(anonymous_7)
FN:165,(anonymous_8)
FN:171,(anonymous_9)
FN:194,(anonymous_10)
FN:197,(anonymous_11)
FN:207,(anonymous_12)
FN:210,(anonymous_13)
FN:219,(anonymous_14)
FN:257,(anonymous_15)
FN:264,(anonymous_16)
FN:299,(anonymous_17)
FN:305,(anonymous_18)
FN:336,(anonymous_19)
FNF:19
FNH:0
FNDA:0,StructuredData
FNDA:0,(anonymous_2)
FNDA:0,(anonymous_3)
FNDA:0,(anonymous_4)
FNDA:0,(anonymous_5)
FNDA:0,(anonymous_6)
FNDA:0,(anonymous_7)
FNDA:0,(anonymous_8)
[...]
DA:20,0
DA:26,0
DA:27,0
DA:28,0
DA:32,0
DA:33,0
DA:34,0
DA:37,0
DA:38,0
DA:59,0
DA:61,0
DA:62,0
DA:67,0
DA:69,0
DA:70,0
DA:92,0
DA:94,0
DA:95,0
DA:101,0
DA:106,0
DA:107,0
DA:111,0
DA:112,0
DA:113,0
DA:116,0
DA:117,0
DA:135,0
DA:137,0
DA:138,0
DA:144,0
DA:148,0
DA:152,0
DA:153,0
DA:154,0
DA:157,0
DA:158,0
DA:177,0
DA:179,0
DA:180,0
DA:185,0
DA:187,0
DA:188,0
DA:207,0
DA:209,0
DA:210,0
DA:216,0
DA:223,0
DA:224,0
DA:225,0
DA:226,0
DA:230,0
DA:232,0
DA:234,0
DA:236,0
DA:238,0
DA:239,0
DA:244,0
DA:248,0
DA:250,0
DA:251,0
DA:254,0
DA:258,0
DA:259,0
DA:276,0
DA:294,0
LF:65
LH:0
BRDA:26,0,0,0
BRDA:26,0,1,0
BRDA:27,1,0,0
BRDA:27,1,1,0
BRDA:28,2,0,0
BRDA:28,2,1,0
BRDA:32,3,0,0
BRDA:32,3,1,0
BRDA:32,4,0,0
BRDA:32,4,1,0
BRDA:50,5,0,0
BRDA:50,5,1,0
BRDA:51,6,0,0
BRDA:51,6,1,0
BRDA:54,7,0,0
BRDA:54,7,1,0
BRDA:67,8,0,0
BRDA:67,8,1,0
BRDA:106,9,0,0
BRDA:106,9,1,0
BRDA:107,10,0,0
BRDA:107,10,1,0
BRDA:111,11,0,0
BRDA:111,11,1,0
BRDA:111,12,0,0
BRDA:111,12,1,0
BRDA:148,13,0,0
BRDA:148,13,1,0
BRDA:152,14,0,0
BRDA:152,14,1,0
BRDA:185,15,0,0
BRDA:185,15,1,0
BRDA:222,16,0,0
BRDA:230,17,0,0
BRDA:230,17,1,0
BRDA:230,17,2,0
BRDA:230,17,3,0
BRDA:244,18,0,0
BRDA:244,18,1,0
BRDA:250,19,0,0
BRDA:250,19,1,0
BRDA:258,20,0,0
BRDA:258,20,1,0
BRF:43
BRH:0
end_of_record
TN:
SF:lib/integrations/google-analytics.ts
FN:12,(anonymous_8)
FN:25,(anonymous_9)
FN:38,(anonymous_10)
FN:47,(anonymous_11)
FN:64,(anonymous_12)
FN:81,(anonymous_13)
FN:94,(anonymous_14)
FNF:7
FNH:0
FNDA:0,(anonymous_8)
FNDA:0,(anonymous_9)
FNDA:0,(anonymous_10)
FNDA:0,(anonymous_11)
FNDA:0,(anonymous_12)
FNDA:0,(anonymous_13)
FNDA:0,(anonymous_14)
DA:9,0
DA:12,0
DA:13,0
DA:14,0
DA:15,0
DA:19,0
DA:20,0
DA:21,0
DA:22,0
DA:25,0
DA:26,0
DA:27,0
DA:30,0
DA:31,0
DA:38,0
DA:39,0
DA:41,0
DA:47,0
DA:53,0
DA:55,0
DA:64,0
DA:69,0
DA:71,0
DA:81,0
DA:85,0
DA:87,0
DA:94,0
DA:100,0
DA:102,0
LF:29
LH:0
BRDA:13,0,0,0
BRDA:13,0,1,0
BRDA:25,1,0,0
BRDA:25,1,1,0
BRDA:26,2,0,0
BRDA:26,2,1,0
BRDA:39,3,0,0
BRDA:39,3,1,0
BRDA:49,4,0,0
BRDA:53,5,0,0
BRDA:53,5,1,0
BRDA:67,6,0,0
BRDA:69,7,0,0
BRDA:69,7,1,0
BRDA:85,8,0,0
BRDA:85,8,1,0
BRDA:97,9,0,0
BRDA:98,10,0,0
BRDA:100,11,0,0
BRDA:100,11,1,0
BRF:20
BRH:0
end_of_record
TN:
SF:lib/integrations/google-search-console.ts
FN:14,(anonymous_3)
FN:23,(anonymous_4)
FN:66,(anonymous_5)
FN:95,(anonymous_6)
FN:130,(anonymous_7)
FNF:5
FNH:0
FNDA:0,(anonymous_3)
FNDA:0,(anonymous_4)
FNDA:0,(anonymous_5)
FNDA:0,(anonymous_6)
FNDA:0,(anonymous_7)
DA:9,0
DA:11,0
DA:12,0
DA:15,0
DA:24,0
DA:25,0
DA:28,0
DA:29,0
DA:30,0
DA:38,0
DA:40,0
DA:41,0
DA:50,0
DA:51,0
DA:52,0
DA:54,0
DA:55,0
DA:58,0
DA:60,0
DA:61,0
DA:67,0
DA:68,0
DA:69,0
DA:72,0
DA:73,0
DA:75,0
DA:87,0
DA:89,0
DA:90,0
DA:100,0
DA:101,0
DA:102,0
DA:105,0
DA:106,0
DA:108,0
DA:122,0
DA:124,0
DA:125,0
DA:131,0
DA:132,0
DA:135,0
DA:136,0
DA:138,0
DA:150,0
DA:152,0
DA:153,0
DA:158,0
LF:47
LH:0
BRDA:16,0,0,0
BRDA:16,0,1,0
BRDA:17,1,0,0
BRDA:17,1,1,0
BRDA:18,2,0,0
BRDA:18,2,1,0
BRDA:24,3,0,0
BRDA:24,3,1,0
BRDA:24,4,0,0
BRDA:24,4,1,0
BRDA:54,5,0,0
BRDA:54,5,1,0
BRDA:67,6,0,0
BRDA:67,6,1,0
BRDA:67,7,0,0
BRDA:67,7,1,0
BRDA:98,8,0,0
BRDA:100,9,0,0
BRDA:100,9,1,0
BRDA:100,10,0,0
BRDA:100,10,1,0
BRDA:131,11,0,0
BRDA:131,11,1,0
BRDA:131,12,0,0
BRDA:131,12,1,0
BRF:25
BRH:0
end_of_record
TN:
SF:lib/integrations/instagram.ts
FN:25,(anonymous_3)
FN:31,(anonymous_4)
FN:51,(anonymous_5)
FN:70,(anonymous_6)
FN:109,(anonymous_7)
FN:134,(anonymous_8)
FNF:6
FNH:0
FNDA:0,(anonymous_3)
FNDA:0,(anonymous_4)
FNDA:0,(anonymous_5)
FNDA:0,(anonymous_6)
FNDA:0,(anonymous_7)
FNDA:0,(anonymous_8)
DA:21,0
DA:26,0
DA:27,0
DA:32,0
DA:33,0
DA:34,0
DA:37,0
DA:38,0
DA:42,0
DA:43,0
DA:45,0
DA:46,0
DA:55,0
DA:56,0
DA:62,0
DA:64,0
DA:65,0
DA:75,0
DA:76,0
DA:77,0
DA:80,0
DA:81,0
DA:85,0
DA:91,0
DA:92,0
DA:95,0
DA:100,0
DA:101,0
DA:103,0
DA:104,0
DA:110,0
DA:111,0
DA:114,0
DA:115,0
DA:126,0
DA:128,0
DA:129,0
DA:135,0
DA:136,0
DA:139,0
DA:140,0
DA:144,0
DA:146,0
DA:147,0
DA:152,0
LF:45
LH:0
BRDA:26,0,0,0
BRDA:26,0,1,0
BRDA:27,1,0,0
BRDA:27,1,1,0
BRDA:31,2,0,0
BRDA:32,3,0,0
BRDA:32,3,1,0
BRDA:32,4,0,0
BRDA:32,4,1,0
BRDA:43,5,0,0
BRDA:43,5,1,0
BRDA:53,6,0,0
BRDA:73,7,0,0
BRDA:75,8,0,0
BRDA:75,8,1,0
BRDA:75,9,0,0
BRDA:75,9,1,0
BRDA:81,10,0,0
BRDA:81,10,1,0
BRDA:91,11,0,0
BRDA:91,11,1,0
BRDA:110,12,0,0
BRDA:110,12,1,0
BRDA:110,13,0,0
BRDA:110,13,1,0
BRDA:134,14,0,0
BRDA:135,15,0,0
BRDA:135,15,1,0
BRDA:135,16,0,0
BRDA:135,16,1,0
BRF:30
BRH:0
end_of_record
TN:
SF:lib/integrations/notifications.ts
FN:13,(anonymous_9)
FN:17,(anonymous_10)
FN:35,(anonymous_11)
FN:51,(anonymous_12)
FN:64,(anonymous_13)
FN:68,(anonymous_14)
FN:83,(anonymous_15)
FN:103,(anonymous_16)
FN:114,(anonymous_17)
FN:115,(anonymous_18)
FN:125,(anonymous_19)
FN:140,(anonymous_20)
FN:158,(anonymous_21)
FN:164,(anonymous_22)
FN:192,(anonymous_23)
FN:201,(anonymous_24)
FN:210,(anonymous_25)
FN:224,(anonymous_26)
FN:233,(anonymous_27)
FNF:19
FNH:0
FNDA:0,(anonymous_9)
FNDA:0,(anonymous_10)
FNDA:0,(anonymous_11)
FNDA:0,(anonymous_12)
FNDA:0,(anonymous_13)
FNDA:0,(anonymous_14)
FNDA:0,(anonymous_15)
FNDA:0,(anonymous_16)
FNDA:0,(anonymous_17)
FNDA:0,(anonymous_18)
FNDA:0,(anonymous_19)
FNDA:0,(anonymous_20)
FNDA:0,(anonymous_21)
FNDA:0,(anonymous_22)
FNDA:0,(anonymous_23)
FNDA:0,(anonymous_24)
FNDA:0,(anonymous_25)
FNDA:0,(anonymous_26)
FNDA:0,(anonymous_27)
DA:10,0
DA:14,0
DA:18,0
DA:19,0
DA:20,0
DA:23,0
DA:24,0
DA:26,0
DA:35,0
DA:44,0
DA:46,0
DA:47,0
DA:52,0
DA:53,0
DA:54,0
DA:55,0
DA:56,0
DA:61,0
DA:65,0
DA:69,0
DA:70,0
DA:71,0
DA:74,0
DA:75,0
DA:83,0
DA:90,0
DA:96,0
DA:98,0
DA:99,0
DA:104,0
DA:105,0
DA:106,0
DA:107,0
DA:108,0
DA:113,0
DA:115,0
DA:117,0
DA:118,0
DA:125,0
DA:137,0
DA:138,0
DA:140,0
DA:141,0
DA:142,0
DA:144,0
DA:146,0
DA:147,0
DA:153,0
DA:159,0
DA:160,0
DA:161,0
DA:165,0
DA:167,0
DA:168,0
DA:169,0
DA:171,0
DA:172,0
DA:174,0
DA:175,0
DA:178,0
DA:179,0
DA:180,0
DA:183,0
DA:184,0
DA:188,0
DA:193,0
DA:202,0
DA:211,0
DA:225,0
DA:234,0
DA:243,0
LF:71
LH:0
BRDA:14,0,0,0
BRDA:14,0,1,0
BRDA:18,1,0,0
BRDA:18,1,1,0
BRDA:35,2,0,0
BRDA:35,2,1,0
BRDA:52,3,0,0
BRDA:52,3,1,0
BRDA:52,3,2,0
BRDA:52,3,3,0
BRDA:65,4,0,0
BRDA:65,4,1,0
BRDA:69,5,0,0
BRDA:69,5,1,0
BRDA:83,6,0,0
BRDA:83,6,1,0
BRDA:104,7,0,0
BRDA:104,7,1,0
BRDA:104,7,2,0
BRDA:104,7,3,0
BRDA:122,8,0,0
BRDA:122,8,1,0
BRDA:164,9,0,0
BRDA:169,10,0,0
BRDA:169,10,1,0
BRDA:169,10,2,0
BRDA:229,11,0,0
BRDA:229,11,1,0
BRF:28
BRH:0
end_of_record
TN:
SF:lib/integrations/payment-booking.ts
FN:26,(anonymous_7)
FN:32,(anonymous_8)
FN:52,(anonymous_9)
FN:75,(anonymous_10)
FN:98,(anonymous_11)
FN:127,(anonymous_12)
FN:133,(anonymous_13)
FN:158,(anonymous_14)
FN:189,(anonymous_15)
FN:226,(anonymous_16)
FN:232,(anonymous_17)
FN:274,(anonymous_18)
FN:282,(anonymous_19)
FNF:13
FNH:0
FNDA:0,(anonymous_7)
FNDA:0,(anonymous_8)
FNDA:0,(anonymous_9)
FNDA:0,(anonymous_10)
FNDA:0,(anonymous_11)
FNDA:0,(anonymous_12)
FNDA:0,(anonymous_13)
FNDA:0,(anonymous_14)
FNDA:0,(anonymous_15)
FNDA:0,(anonymous_16)
FNDA:0,(anonymous_17)
FNDA:0,(anonymous_18)
FNDA:0,(anonymous_19)
DA:22,0
DA:27,0
DA:28,0
DA:37,0
DA:38,0
DA:39,0
DA:42,0
DA:43,0
DA:52,0
DA:59,0
DA:61,0
DA:69,0
DA:70,0
DA:76,0
DA:78,0
DA:79,0
DA:90,0
DA:92,0
DA:93,0
DA:99,0
DA:101,0
DA:102,0
DA:114,0
DA:116,0
DA:117,0
DA:123,0
DA:128,0
DA:129,0
DA:134,0
DA:135,0
DA:136,0
DA:139,0
DA:140,0
DA:149,0
DA:150,0
DA:152,0
DA:153,0
DA:159,0
DA:160,0
DA:163,0
DA:164,0
DA:168,0
DA:169,0
DA:171,0
DA:180,0
DA:181,0
DA:183,0
DA:184,0
DA:194,0
DA:196,0
DA:197,0
DA:213,0
DA:215,0
DA:216,0
DA:222,0
DA:227,0
DA:228,0
DA:233,0
DA:235,0
DA:240,0
DA:241,0
DA:245,0
DA:255,0
DA:256,0
DA:259,0
DA:265,0
DA:266,0
DA:275,0
DA:277,0
DA:278,0
DA:281,0
DA:282,0
DA:285,0
DA:289,0
DA:290,0
DA:291,0
LF:76
LH:0
BRDA:27,0,0,0
BRDA:27,0,1,0
BRDA:28,1,0,0
BRDA:28,1,1,0
BRDA:34,2,0,0
BRDA:35,3,0,0
BRDA:37,4,0,0
BRDA:37,4,1,0
BRDA:76,5,0,0
BRDA:76,5,1,0
BRDA:99,6,0,0
BRDA:99,6,1,0
BRDA:128,7,0,0
BRDA:128,7,1,0
BRDA:129,8,0,0
BRDA:129,8,1,0
BRDA:134,9,0,0
BRDA:134,9,1,0
BRDA:134,10,0,0
BRDA:134,10,1,0
BRDA:159,11,0,0
BRDA:159,11,1,0
BRDA:159,12,0,0
BRDA:159,12,1,0
BRDA:168,13,0,0
BRDA:168,13,1,0
BRDA:169,14,0,0
BRDA:169,14,1,0
BRDA:194,15,0,0
BRDA:194,15,1,0
BRDA:240,16,0,0
BRDA:240,16,1,0
BRDA:255,17,0,0
BRDA:255,17,1,0
BRDA:268,18,0,0
BRDA:268,18,1,0
BRDA:277,19,0,0
BRDA:277,19,1,0
BRDA:277,20,0,0
BRDA:277,20,1,0
BRDA:281,21,0,0
BRDA:281,21,1,0
BRDA:285,22,0,0
BRDA:285,22,1,0
BRF:44
BRH:0
end_of_record
TN:
SF:lib/integrations/tiktok.ts
FN:19,(anonymous_3)
FN:26,(anonymous_4)
FN:101,(anonymous_5)
FN:124,(anonymous_6)
FN:151,(anonymous_7)
FNF:5
FNH:0
FNDA:0,(anonymous_3)
FNDA:0,(anonymous_4)
FNDA:0,(anonymous_5)
FNDA:0,(anonymous_6)
FNDA:0,(anonymous_7)
DA:14,0
DA:20,0
DA:21,0
DA:22,0
DA:32,0
DA:33,0
DA:34,0
DA:37,0
DA:39,0
DA:54,0
DA:56,0
DA:57,0
DA:61,0
DA:62,0
DA:64,0
DA:70,0
DA:93,0
DA:95,0
DA:96,0
DA:102,0
DA:103,0
DA:106,0
DA:107,0
DA:116,0
DA:118,0
DA:119,0
DA:125,0
DA:126,0
DA:129,0
DA:130,0
DA:143,0
DA:145,0
DA:146,0
DA:152,0
DA:153,0
DA:159,0
DA:161,0
DA:162,0
DA:167,0
LF:39
LH:0
BRDA:20,0,0,0
BRDA:20,0,1,0
BRDA:21,1,0,0
BRDA:21,1,1,0
BRDA:22,2,0,0
BRDA:22,2,1,0
BRDA:32,3,0,0
BRDA:32,3,1,0
BRDA:56,4,0,0
BRDA:56,4,1,0
BRDA:101,5,0,0
BRDA:101,6,0,0
BRDA:102,7,0,0
BRDA:102,7,1,0
BRDA:125,8,0,0
BRDA:125,8,1,0
BRDA:151,9,0,0
BRF:17
BRH:0
end_of_record
TN:
SF:lib/seo/advanced-analytics.ts
FN:14,(anonymous_5)
FN:20,(anonymous_6)
FN:39,(anonymous_7)
FN:45,(anonymous_8)
FN:50,(anonymous_9)
FN:63,(anonymous_10)
FN:67,(anonymous_11)
FN:73,(anonymous_12)
FN:74,(anonymous_13)
FN:86,(anonymous_14)
FN:95,(anonymous_15)
FN:99,(anonymous_16)
FN:102,(anonymous_17)
FN:119,(anonymous_18)
FN:123,(anonymous_19)
FN:126,(anonymous_20)
FN:143,(anonymous_21)
FN:147,(anonymous_22)
FN:156,(anonymous_23)
FN:164,(anonymous_24)
FN:174,(anonymous_25)
FN:183,(anonymous_26)
FN:187,(anonymous_27)
FN:196,(anonymous_28)
FN:207,(anonymous_29)
FN:219,(anonymous_30)
FN:234,(anonymous_31)
FN:256,(anonymous_32)
FN:260,(anonymous_33)
FN:295,(anonymous_34)
FN:318,(anonymous_35)
FN:325,(anonymous_36)
FN:344,(anonymous_37)
FNF:33
FNH:0
FNDA:0,(anonymous_5)
FNDA:0,(anonymous_6)
FNDA:0,(anonymous_7)
FNDA:0,(anonymous_8)
FNDA:0,(anonymous_9)
FNDA:0,(anonymous_10)
FNDA:0,(anonymous_11)
FNDA:0,(anonymous_12)
FNDA:0,(anonymous_13)
FNDA:0,(anonymous_14)
FNDA:0,(anonymous_15)
FNDA:0,(anonymous_16)
FNDA:0,(anonymous_17)
FNDA:0,(anonymous_18)
FNDA:0,(anonymous_19)
FNDA:0,(anonymous_20)
FNDA:0,(anonymous_21)
FNDA:0,(anonymous_22)
FNDA:0,(anonymous_23)
FNDA:0,(anonymous_24)
FNDA:0,(anonymous_25)
FNDA:0,(anonymous_26)
FNDA:0,(anonymous_27)
FNDA:0,(anonymous_28)
FNDA:0,(anonymous_29)
FNDA:0,(anonymous_30)
FNDA:0,(anonymous_31)
FNDA:0,(anonymous_32)
FNDA:0,(anonymous_33)
FNDA:0,(anonymous_34)
FNDA:0,(anonymous_35)
FNDA:0,(anonymous_36)
FNDA:0,(anonymous_37)
DA:10,0
DA:15,0
DA:16,0
DA:29,0
DA:31,0
DA:40,0
DA:42,0
DA:43,0
DA:45,0
DA:46,0
DA:50,0
DA:51,0
DA:52,0
DA:53,0
DA:62,0
DA:63,0
DA:68,0
DA:70,0
DA:71,0
DA:73,0
DA:74,0
DA:75,0
DA:76,0
DA:86,0
DA:87,0
DA:88,0
DA:94,0
DA:95,0
DA:100,0
DA:102,0
DA:103,0
DA:104,0
DA:106,0
DA:107,0
DA:108,0
DA:110,0
DA:118,0
DA:119,0
DA:124,0
DA:126,0
DA:127,0
DA:128,0
DA:130,0
DA:131,0
DA:132,0
DA:134,0
DA:142,0
DA:143,0
DA:148,0
DA:157,0
DA:165,0
DA:175,0
DA:184,0
DA:187,0
DA:188,0
DA:196,0
DA:197,0
DA:198,0
DA:207,0
DA:208,0
DA:209,0
DA:218,0
DA:219,0
DA:220,0
DA:221,0
DA:222,0
DA:225,0
DA:244,0
DA:257,0
DA:260,0
DA:261,0
DA:263,0
DA:264,0
DA:268,0
DA:269,0
DA:270,0
DA:271,0
DA:272,0
DA:275,0
DA:276,0
DA:288,0
DA:293,0
DA:296,0
DA:298,0
DA:299,0
DA:309,0
DA:310,0
DA:311,0
DA:314,0
DA:319,0
DA:321,0
DA:322,0
DA:324,0
DA:325,0
DA:326,0
DA:327,0
DA:328,0
DA:330,0
DA:335,0
DA:336,0
DA:345,0
DA:346,0
DA:353,0
DA:354,0
LF:104
LH:0
BRDA:14,0,0,0
BRDA:15,1,0,0
BRDA:15,1,1,0
BRDA:29,2,0,0
BRDA:29,2,1,0
BRDA:29,3,0,0
BRDA:29,3,1,0
BRDA:29,3,2,0
BRDA:33,4,0,0
BRDA:33,4,1,0
BRDA:40,5,0,0
BRDA:40,5,1,0
BRDA:51,6,0,0
BRDA:51,6,1,0
BRDA:51,7,0,0
BRDA:51,7,1,0
BRDA:68,8,0,0
BRDA:68,8,1,0
BRDA:75,9,0,0
BRDA:75,9,1,0
BRDA:100,10,0,0
BRDA:100,10,1,0
BRDA:106,11,0,0
BRDA:106,11,1,0
BRDA:106,12,0,0
BRDA:106,12,1,0
BRDA:107,13,0,0
BRDA:107,13,1,0
BRDA:124,14,0,0
BRDA:124,14,1,0
BRDA:130,15,0,0
BRDA:130,15,1,0
BRDA:130,16,0,0
BRDA:130,16,1,0
BRDA:130,16,2,0
BRDA:131,17,0,0
BRDA:131,17,1,0
BRDA:167,18,0,0
BRDA:167,18,1,0
BRDA:168,19,0,0
BRDA:168,19,1,0
BRDA:169,20,0,0
BRDA:169,20,1,0
BRDA:184,21,0,0
BRDA:184,21,1,0
BRDA:221,22,0,0
BRDA:221,22,1,0
BRDA:249,23,0,0
BRDA:249,23,1,0
BRDA:250,24,0,0
BRDA:250,24,1,0
BRDA:251,25,0,0
BRDA:251,25,1,0
BRDA:257,26,0,0
BRDA:257,26,1,0
BRDA:261,27,0,0
BRDA:261,27,1,0
BRDA:275,28,0,0
BRDA:275,28,1,0
BRDA:296,29,0,0
BRDA:296,29,1,0
BRDA:310,30,0,0
BRDA:310,30,1,0
BRDA:319,31,0,0
BRDA:319,31,1,0
BRDA:327,32,0,0
BRDA:327,32,1,0
BRF:67
BRH:0
end_of_record
TN:
SF:lib/seo/internal-linking.ts
FN:26,(anonymous_3)
FN:30,(anonymous_4)
FN:66,(anonymous_5)
FN:71,(anonymous_6)
FN:76,(anonymous_7)
FN:81,(anonymous_8)
FN:98,(anonymous_9)
FN:118,(anonymous_10)
FN:126,(anonymous_11)
FN:144,(anonymous_12)
FN:147,(anonymous_13)
FN:157,(anonymous_14)
FN:159,(anonymous_15)
FN:163,(anonymous_16)
FN:167,(anonymous_17)
FN:169,(anonymous_18)
FN:180,(anonymous_19)
FN:192,(anonymous_20)
FN:210,(anonymous_21)
FN:228,(anonymous_22)
FN:243,(anonymous_23)
FN:245,(anonymous_24)
FN:246,(anonymous_25)
FN:248,(anonymous_26)
FN:252,(anonymous_27)
FN:259,(anonymous_28)
FN:265,(anonymous_29)
FN:274,(anonymous_30)
FN:282,(anonymous_31)
FN:285,(anonymous_32)
FN:291,(anonymous_33)
FN:294,(anonymous_34)
FN:321,(anonymous_35)
FNF:33
FNH:0
FNDA:0,(anonymous_3)
FNDA:0,(anonymous_4)
FNDA:0,(anonymous_5)
FNDA:0,(anonymous_6)
FNDA:0,(anonymous_7)
FNDA:0,(anonymous_8)
FNDA:0,(anonymous_9)
FNDA:0,(anonymous_10)
FNDA:0,(anonymous_11)
FNDA:0,(anonymous_12)
FNDA:0,(anonymous_13)
FNDA:0,(anonymous_14)
FNDA:0,(anonymous_15)
FNDA:0,(anonymous_16)
FNDA:0,(anonymous_17)
FNDA:0,(anonymous_18)
FNDA:0,(anonymous_19)
FNDA:0,(anonymous_20)
FNDA:0,(anonymous_21)
FNDA:0,(anonymous_22)
FNDA:0,(anonymous_23)
FNDA:0,(anonymous_24)
FNDA:0,(anonymous_25)
FNDA:0,(anonymous_26)
FNDA:0,(anonymous_27)
FNDA:0,(anonymous_28)
FNDA:0,(anonymous_29)
FNDA:0,(anonymous_30)
FNDA:0,(anonymous_31)
FNDA:0,(anonymous_32)
FNDA:0,(anonymous_33)
FNDA:0,(anonymous_34)
FNDA:0,(anonymous_35)
DA:22,0
DA:23,0
DA:24,0
DA:27,0
DA:32,0
DA:33,0
DA:34,0
DA:35,0
DA:36,0
DA:37,0
DA:38,0
DA:39,0
DA:40,0
DA:41,0
DA:42,0
DA:43,0
DA:44,0
DA:45,0
DA:46,0
DA:47,0
DA:48,0
DA:49,0
DA:50,0
DA:51,0
DA:52,0
DA:55,0
DA:56,0
DA:57,0
DA:58,0
DA:59,0
DA:60,0
DA:61,0
DA:62,0
DA:67,0
DA:72,0
DA:73,0
DA:76,0
DA:77,0
DA:78,0
DA:80,0
DA:81,0
DA:83,0
DA:84,0
DA:85,0
DA:98,0
DA:99,0
DA:100,0
DA:101,0
DA:102,0
DA:114,0
DA:119,0
DA:120,0
DA:121,0
DA:124,0
DA:126,0
DA:127,0
DA:128,0
DA:131,0
DA:132,0
DA:135,0
DA:140,0
DA:145,0
DA:147,0
DA:148,0
DA:149,0
DA:150,0
DA:151,0
DA:156,0
DA:157,0
DA:159,0
DA:164,0
DA:165,0
DA:167,0
DA:168,0
DA:169,0
DA:171,0
DA:172,0
DA:176,0
DA:181,0
DA:182,0
DA:185,0
DA:190,0
DA:192,0
DA:194,0
DA:196,0
DA:199,0
DA:200,0
DA:206,0
DA:212,0
DA:220,0
DA:221,0
DA:229,0
DA:232,0
DA:233,0
DA:236,0
DA:237,0
DA:240,0
DA:245,0
DA:246,0
DA:248,0
DA:249,0
DA:253,0
DA:256,0
DA:259,0
DA:260,0
DA:262,0
DA:266,0
DA:267,0
DA:269,0
DA:270,0
DA:271,0
DA:275,0
DA:276,0
DA:277,0
DA:278,0
DA:279,0
DA:283,0
DA:284,0
DA:286,0
DA:287,0
DA:288,0
DA:289,0
DA:291,0
DA:295,0
DA:320,0
DA:321,0
DA:325,0
LF:127
LH:0
BRDA:71,0,0,0
BRDA:80,1,0,0
BRDA:80,1,1,0
BRDA:83,2,0,0
BRDA:83,2,1,0
BRDA:99,3,0,0
BRDA:99,3,1,0
BRDA:99,4,0,0
BRDA:99,4,1,0
BRDA:101,5,0,0
BRDA:101,5,1,0
BRDA:118,6,0,0
BRDA:118,7,0,0
BRDA:127,8,0,0
BRDA:127,8,1,0
BRDA:131,9,0,0
BRDA:131,9,1,0
BRDA:131,10,0,0
BRDA:131,10,1,0
BRDA:144,11,0,0
BRDA:148,12,0,0
BRDA:148,12,1,0
BRDA:148,13,0,0
BRDA:148,13,1,0
BRDA:150,14,0,0
BRDA:150,14,1,0
BRDA:163,15,0,0
BRDA:169,16,0,0
BRDA:169,16,1,0
BRDA:171,17,0,0
BRDA:171,17,1,0
BRDA:180,18,0,0
BRDA:186,19,0,0
BRDA:186,19,1,0
BRDA:187,20,0,0
BRDA:187,20,1,0
BRDA:190,21,0,0
BRDA:190,21,1,0
BRDA:194,22,0,0
BRDA:194,22,1,0
BRDA:194,23,0,0
BRDA:194,23,1,0
BRDA:220,24,0,0
BRDA:220,24,1,0
BRDA:220,25,0,0
BRDA:220,25,1,0
BRDA:232,26,0,0
BRDA:232,26,1,0
BRDA:236,27,0,0
BRDA:236,27,1,0
BRDA:256,28,0,0
BRDA:256,28,1,0
BRDA:267,29,0,0
BRDA:267,29,1,0
BRDA:275,30,0,0
BRDA:275,30,1,0
BRDA:276,31,0,0
BRDA:276,31,1,0
BRDA:277,32,0,0
BRDA:277,32,1,0
BRDA:278,33,0,0
BRDA:278,33,1,0
BRDA:287,34,0,0
BRDA:287,34,1,0
BRDA:320,35,0,0
BRDA:320,35,1,0
BRF:66
BRH:0
end_of_record
TN:
SF:lib/seo/schema-generator.ts
FN:251,(anonymous_3)
FN:287,(anonymous_4)
FN:313,(anonymous_5)
FN:356,(anonymous_6)
FN:429,(anonymous_7)
FN:481,(anonymous_8)
FN:491,(anonymous_9)
FN:495,(anonymous_10)
FN:506,(anonymous_11)
FN:523,(anonymous_12)
FN:538,(anonymous_13)
FN:542,(anonymous_14)
FN:551,(anonymous_15)
FN:585,(anonymous_16)
FN:590,(anonymous_17)
FNF:15
FNH:0
FNDA:0,(anonymous_3)
FNDA:0,(anonymous_4)
FNDA:0,(anonymous_5)
FNDA:0,(anonymous_6)
FNDA:0,(anonymous_7)
FNDA:0,(anonymous_8)
FNDA:0,(anonymous_9)
FNDA:0,(anonymous_10)
FNDA:0,(anonymous_11)
FNDA:0,(anonymous_12)
FNDA:0,(anonymous_13)
FNDA:0,(anonymous_14)
FNDA:0,(anonymous_15)
FNDA:0,(anonymous_16)
FNDA:0,(anonymous_17)
DA:246,0
DA:252,0
DA:254,0
DA:277,0
DA:288,0
DA:299,0
DA:300,0
DA:310,0
DA:325,0
DA:377,0
DA:395,0
DA:416,0
DA:417,0
DA:426,0
DA:448,0
DA:470,0
DA:471,0
DA:480,0
DA:481,0
DA:488,0
DA:492,0
DA:495,0
DA:518,0
DA:523,0
DA:539,0
DA:542,0
DA:561,0
DA:573,0
DA:574,0
DA:581,0
DA:586,0
DA:591,0
DA:595,0
LF:33
LH:0
BRDA:267,0,0,0
BRDA:267,0,1,0
BRDA:268,1,0,0
BRDA:268,1,1,0
BRDA:270,2,0,0
BRDA:270,2,1,0
BRDA:287,3,0,0
BRDA:299,4,0,0
BRDA:299,4,1,0
BRDA:330,5,0,0
BRDA:330,5,1,0
BRDA:332,6,0,0
BRDA:332,6,1,0
BRDA:340,7,0,0
BRDA:340,7,1,0
BRDA:343,8,0,0
BRDA:343,8,1,0
BRDA:388,9,0,0
BRDA:388,9,1,0
BRDA:388,10,0,0
BRDA:388,10,1,0
BRDA:408,11,0,0
BRDA:408,11,1,0
BRDA:416,12,0,0
BRDA:416,12,1,0
BRDA:454,13,0,0
BRDA:454,13,1,0
BRDA:463,14,0,0
BRDA:463,14,1,0
BRDA:463,15,0,0
BRDA:463,15,1,0
BRDA:470,16,0,0
BRDA:470,16,1,0
BRDA:480,17,0,0
BRDA:480,17,1,0
BRDA:480,18,0,0
BRDA:480,18,1,0
BRDA:527,19,0,0
BRDA:527,19,1,0
BRDA:573,20,0,0
BRDA:573,20,1,0
BRF:41
BRH:0
end_of_record
TN:
SF:lib/seo/sitemap-generator.ts
FN:21,(anonymous_3)
FN:26,(anonymous_4)
FN:60,(anonymous_5)
FN:87,(anonymous_6)
FN:91,(anonymous_7)
FN:101,(anonymous_8)
FN:120,(anonymous_9)
FN:136,(anonymous_10)
FN:155,(anonymous_11)
FN:166,(anonymous_12)
FN:186,(anonymous_13)
FN:187,(anonymous_14)
FN:196,(anonymous_15)
FN:204,(anonymous_16)
FN:228,(anonymous_17)
FN:229,(anonymous_18)
FN:241,(anonymous_19)
FN:278,(anonymous_20)
FN:286,(anonymous_21)
FN:292,(anonymous_22)
FN:313,(anonymous_23)
FN:323,(anonymous_24)
FN:344,(anonymous_25)
FN:349,(anonymous_26)
FN:354,(anonymous_27)
FNF:25
FNH:0
FNDA:0,(anonymous_3)
FNDA:0,(anonymous_4)
FNDA:0,(anonymous_5)
FNDA:0,(anonymous_6)
FNDA:0,(anonymous_7)
FNDA:0,(anonymous_8)
FNDA:0,(anonymous_9)
FNDA:0,(anonymous_10)
FNDA:0,(anonymous_11)
FNDA:0,(anonymous_12)
FNDA:0,(anonymous_13)
FNDA:0,(anonymous_14)
FNDA:0,(anonymous_15)
FNDA:0,(anonymous_16)
FNDA:0,(anonymous_17)
FNDA:0,(anonymous_18)
FNDA:0,(anonymous_19)
FNDA:0,(anonymous_20)
FNDA:0,(anonymous_21)
FNDA:0,(anonymous_22)
FNDA:0,(anonymous_23)
FNDA:0,(anonymous_24)
FNDA:0,(anonymous_25)
FNDA:0,(anonymous_26)
FNDA:0,(anonymous_27)
DA:17,0
DA:19,0
DA:22,0
DA:23,0
DA:27,0
DA:60,0
DA:62,0
DA:74,0
DA:88,0
DA:98,0
DA:99,0
DA:101,0
DA:107,0
DA:128,0
DA:129,0
DA:132,0
DA:133,0
DA:134,0
DA:136,0
DA:142,0
DA:163,0
DA:164,0
DA:166,0
DA:172,0
DA:187,0
DA:188,0
DA:195,0
DA:196,0
DA:197,0
DA:203,0
DA:204,0
DA:205,0
DA:214,0
DA:216,0
DA:219,0
DA:229,0
DA:234,0
DA:242,0
DA:285,0
DA:288,0
DA:289,0
DA:290,0
DA:292,0
DA:305,0
DA:323,0
DA:336,0
DA:345,0
DA:350,0
DA:351,0
DA:355,0
DA:364,0
LF:51
LH:0
BRDA:22,0,0,0
BRDA:22,0,1,0
BRDA:108,1,0,0
BRDA:108,1,1,0
BRDA:134,2,0,0
BRDA:134,2,1,0
BRDA:143,3,0,0
BRDA:143,3,1,0
BRDA:173,4,0,0
BRDA:173,4,1,0
BRDA:195,5,0,0
BRDA:195,5,1,0
BRDA:203,6,0,0
BRDA:203,6,1,0
BRDA:208,7,0,0
BRDA:208,7,1,0
BRDA:209,8,0,0
BRDA:209,8,1,0
BRDA:297,9,0,0
BRDA:297,9,1,0
BRDA:301,10,0,0
BRDA:301,10,1,0
BRDA:330,11,0,0
BRDA:330,11,1,0
BRDA:331,12,0,0
BRDA:331,12,1,0
BRDA:332,13,0,0
BRDA:332,13,1,0
BRF:28
BRH:0
end_of_record
